Output of:
mipsel-linux-musl-gcc -Wall -Wshadow -Wwrite-strings -Wundef -Wstrict-prototypes -Wunused -Wunused-parameter -Wunused-function -Wunused-value -Wmissing-prototypes -Wmissing-declarations -Wno-format-security -Wdeclaration-after-statement -Wold-style-definition -fno-builtin-strlen -finline-limit=0 -fomit-frame-pointer -ffunction-sections -fdata-sections -fno-guess-branch-probability -funsigned-char -static-libgcc -falign-functions=1 -falign-jumps=1 -falign-labels=1 -falign-loops=1 -fno-unwind-tables -fno-asynchronous-unwind-tables -fno-builtin-printf -Os -Os -static -o busybox_unstripped -Wl,--sort-common -Wl,--sort-section,alignment -Wl,--gc-sections -Wl,--start-group applets/built-in.o archival/lib.a archival/libarchive/lib.a console-tools/lib.a coreutils/lib.a coreutils/libcoreutils/lib.a debianutils/lib.a klibc-utils/lib.a e2fsprogs/lib.a editors/lib.a findutils/lib.a init/lib.a libbb/lib.a libpwdgrp/lib.a loginutils/lib.a mailutils/lib.a miscutils/lib.a modutils/lib.a networking/lib.a networking/libiproute/lib.a networking/udhcp/lib.a printutils/lib.a procps/lib.a runit/lib.a selinux/lib.a shell/lib.a sysklogd/lib.a util-linux/lib.a util-linux/volume_id/lib.a archival/built-in.o archival/libarchive/built-in.o console-tools/built-in.o coreutils/built-in.o coreutils/libcoreutils/built-in.o debianutils/built-in.o klibc-utils/built-in.o e2fsprogs/built-in.o editors/built-in.o findutils/built-in.o init/built-in.o libbb/built-in.o libpwdgrp/built-in.o loginutils/built-in.o mailutils/built-in.o miscutils/built-in.o modutils/built-in.o networking/built-in.o networking/libiproute/built-in.o networking/udhcp/built-in.o printutils/built-in.o procps/built-in.o runit/built-in.o selinux/built-in.o shell/built-in.o sysklogd/built-in.o util-linux/built-in.o util-linux/volume_id/built-in.o -Wl,--end-group -Wl,--start-group -Wl,--end-group -Wl,--warn-common -Wl,-Map,busybox_unstripped.map -Wl,--verbose
==========
GNU ld (GNU Binutils) 2.32
  Supported emulations:
   elf32ltsmip
   elf32btsmip
   elf32ltsmipn32
   elf64ltsmip
   elf32btsmipn32
   elf64btsmip
using internal linker script:
==================================================
/* Script for -z combreloc: combine and sort reloc sections */
/* Copyright (C) 2014-2019 Free Software Foundation, Inc.
   Copying and distribution of this script, with or without modification,
   are permitted in any medium without royalty provided the copyright
   notice and this notice are preserved.  */
OUTPUT_FORMAT("elf32-tradlittlemips", "elf32-tradbigmips",
	      "elf32-tradlittlemips")
OUTPUT_ARCH(mips)
ENTRY(__start)
SEARCH_DIR("=/mipsel-linux-musl/lib"); SEARCH_DIR("=/usr/local/lib"); SEARCH_DIR("=/lib"); SEARCH_DIR("=/usr/lib");
SECTIONS
{
  /* Read-only sections, merged into text segment: */
  PROVIDE (__executable_start = SEGMENT_START("text-segment", 0x0400000)); . = SEGMENT_START("text-segment", 0x0400000) + SIZEOF_HEADERS;
  .interp         : { *(.interp) }
  .MIPS.abiflags   : { *(.MIPS.abiflags) }
  .reginfo         : { *(.reginfo) }
  .note.gnu.build-id  : { *(.note.gnu.build-id) }
  .dynamic        : { *(.dynamic) }
  .hash           : { *(.hash) }
  .gnu.hash       : { *(.gnu.hash) }
  .dynsym         : { *(.dynsym) }
  .dynstr         : { *(.dynstr) }
  .gnu.version    : { *(.gnu.version) }
  .gnu.version_d  : { *(.gnu.version_d) }
  .gnu.version_r  : { *(.gnu.version_r) }
  .rel.dyn        :
    {
      *(.rel.init)
      *(.rel.text .rel.text.* .rel.gnu.linkonce.t.*)
      *(.rel.fini)
      *(.rel.rodata .rel.rodata.* .rel.gnu.linkonce.r.*)
      *(.rel.data.rel.ro .rel.data.rel.ro.* .rel.gnu.linkonce.d.rel.ro.*)
      *(.rel.data .rel.data.* .rel.gnu.linkonce.d.*)
      *(.rel.tdata .rel.tdata.* .rel.gnu.linkonce.td.*)
      *(.rel.tbss .rel.tbss.* .rel.gnu.linkonce.tb.*)
      *(.rel.ctors)
      *(.rel.dtors)
      *(.rel.got)
      *(.rel.dyn)
      *(.rel.sdata .rel.sdata.* .rel.gnu.linkonce.s.*)
      *(.rel.sbss .rel.sbss.* .rel.gnu.linkonce.sb.*)
      *(.rel.sdata2 .rel.sdata2.* .rel.gnu.linkonce.s2.*)
      *(.rel.sbss2 .rel.sbss2.* .rel.gnu.linkonce.sb2.*)
      *(.rel.bss .rel.bss.* .rel.gnu.linkonce.b.*)
      PROVIDE_HIDDEN (__rel_iplt_start = .);
      *(.rel.iplt)
      PROVIDE_HIDDEN (__rel_iplt_end = .);
    }
  .rela.dyn       :
    {
      *(.rela.init)
      *(.rela.text .rela.text.* .rela.gnu.linkonce.t.*)
      *(.rela.fini)
      *(.rela.rodata .rela.rodata.* .rela.gnu.linkonce.r.*)
      *(.rela.data .rela.data.* .rela.gnu.linkonce.d.*)
      *(.rela.tdata .rela.tdata.* .rela.gnu.linkonce.td.*)
      *(.rela.tbss .rela.tbss.* .rela.gnu.linkonce.tb.*)
      *(.rela.ctors)
      *(.rela.dtors)
      *(.rela.got)
      *(.rela.sdata .rela.sdata.* .rela.gnu.linkonce.s.*)
      *(.rela.sbss .rela.sbss.* .rela.gnu.linkonce.sb.*)
      *(.rela.sdata2 .rela.sdata2.* .rela.gnu.linkonce.s2.*)
      *(.rela.sbss2 .rela.sbss2.* .rela.gnu.linkonce.sb2.*)
      *(.rela.bss .rela.bss.* .rela.gnu.linkonce.b.*)
      PROVIDE_HIDDEN (__rela_iplt_start = .);
      *(.rela.iplt)
      PROVIDE_HIDDEN (__rela_iplt_end = .);
    }
  .rel.plt        :
    {
      *(.rel.plt)
    }
  .rela.plt       :
    {
      *(.rela.plt)
    }
  .init           :
  {
    KEEP (*(SORT_NONE(.init)))
  }
  .text           :
  {
    _ftext = .;
    *(.text.unlikely .text.*_unlikely .text.unlikely.*)
    *(.text.exit .text.exit.*)
    *(.text.startup .text.startup.*)
    *(.text.hot .text.hot.*)
    *(.text .stub .text.* .gnu.linkonce.t.*)
    /* .gnu.warning sections are handled specially by elf32.em.  */
    *(.gnu.warning)
    *(.mips16.fn.*) *(.mips16.call.*)
  }
  .fini           :
  {
    KEEP (*(SORT_NONE(.fini)))
  }
  PROVIDE (__etext = .);
  PROVIDE (_etext = .);
  PROVIDE (etext = .);
  .rodata         : { *(.rodata .rodata.* .gnu.linkonce.r.*) }
  .rodata1        : { *(.rodata1) }
  .sdata2         :
  {
    *(.sdata2 .sdata2.* .gnu.linkonce.s2.*)
  }
  .sbss2          : { *(.sbss2 .sbss2.* .gnu.linkonce.sb2.*) }
  .eh_frame_hdr   : { *(.eh_frame_hdr) *(.eh_frame_entry .eh_frame_entry.*) }
  .eh_frame       : ONLY_IF_RO { KEEP (*(.eh_frame)) *(.eh_frame.*) }
  .gcc_except_table   : ONLY_IF_RO { *(.gcc_except_table .gcc_except_table.*) }
  .gnu_extab   : ONLY_IF_RO { *(.gnu_extab*) }
  /* These sections are generated by the Sun/Oracle C++ compiler.  */
  .exception_ranges   : ONLY_IF_RO { *(.exception_ranges*) }
  .plt            : { *(.plt) }
  .iplt           : { *(.iplt) }
  /* Adjust the address for the data segment.  We want to adjust up to
     the same address within the page on the next page up.  */
  . = DATA_SEGMENT_ALIGN (CONSTANT (MAXPAGESIZE), CONSTANT (COMMONPAGESIZE));
  /* Exception handling  */
  .eh_frame       : ONLY_IF_RW { KEEP (*(.eh_frame)) *(.eh_frame.*) }
  .gnu_extab      : ONLY_IF_RW { *(.gnu_extab) }
  .gcc_except_table   : ONLY_IF_RW { *(.gcc_except_table .gcc_except_table.*) }
  .exception_ranges   : ONLY_IF_RW { *(.exception_ranges*) }
  /* Thread Local Storage sections  */
  .tdata	  :
   {
     PROVIDE_HIDDEN (__tdata_start = .);
     *(.tdata .tdata.* .gnu.linkonce.td.*)
   }
  .tbss		  : { *(.tbss .tbss.* .gnu.linkonce.tb.*) *(.tcommon) }
  .preinit_array    :
  {
    PROVIDE_HIDDEN (__preinit_array_start = .);
    KEEP (*(.preinit_array))
    PROVIDE_HIDDEN (__preinit_array_end = .);
  }
  .init_array    :
  {
    PROVIDE_HIDDEN (__init_array_start = .);
    KEEP (*(SORT_BY_INIT_PRIORITY(.init_array.*) SORT_BY_INIT_PRIORITY(.ctors.*)))
    KEEP (*(.init_array EXCLUDE_FILE (*crtbegin.o *crtbegin?.o *crtend.o *crtend?.o ) .ctors))
    PROVIDE_HIDDEN (__init_array_end = .);
  }
  .fini_array    :
  {
    PROVIDE_HIDDEN (__fini_array_start = .);
    KEEP (*(SORT_BY_INIT_PRIORITY(.fini_array.*) SORT_BY_INIT_PRIORITY(.dtors.*)))
    KEEP (*(.fini_array EXCLUDE_FILE (*crtbegin.o *crtbegin?.o *crtend.o *crtend?.o ) .dtors))
    PROVIDE_HIDDEN (__fini_array_end = .);
  }
  .ctors          :
  {
    /* gcc uses crtbegin.o to find the start of
       the constructors, so we make sure it is
       first.  Because this is a wildcard, it
       doesn't matter if the user does not
       actually link against crtbegin.o; the
       linker won't look for a file to match a
       wildcard.  The wildcard also means that it
       doesn't matter which directory crtbegin.o
       is in.  */
    KEEP (*crtbegin.o(.ctors))
    KEEP (*crtbegin?.o(.ctors))
    /* We don't want to include the .ctor section from
       the crtend.o file until after the sorted ctors.
       The .ctor section from the crtend file contains the
       end of ctors marker and it must be last */
    KEEP (*(EXCLUDE_FILE (*crtend.o *crtend?.o ) .ctors))
    KEEP (*(SORT(.ctors.*)))
    KEEP (*(.ctors))
  }
  .dtors          :
  {
    KEEP (*crtbegin.o(.dtors))
    KEEP (*crtbegin?.o(.dtors))
    KEEP (*(EXCLUDE_FILE (*crtend.o *crtend?.o ) .dtors))
    KEEP (*(SORT(.dtors.*)))
    KEEP (*(.dtors))
  }
  .jcr            : { KEEP (*(.jcr)) }
  .data.rel.ro : { *(.data.rel.ro.local* .gnu.linkonce.d.rel.ro.local.*) *(.data.rel.ro .data.rel.ro.* .gnu.linkonce.d.rel.ro.*) }
  . = DATA_SEGMENT_RELRO_END (0, .);
  .got.plt        : { *(.got.plt) }
  .data           :
  {
    _fdata = .;
    *(.data .data.* .gnu.linkonce.d.*)
    SORT(CONSTRUCTORS)
  }
  .data1          : { *(.data1) }
  . = .; HIDDEN (_gp = ALIGN (16) + 0x7ff0);
  .got            : { *(.got) }
  /* We want the small data sections together, so single-instruction offsets
     can access them all, and initialized data all before uninitialized, so
     we can shorten the on-disk segment size.  */
  .sdata          :
  {
    *(.sdata .sdata.* .gnu.linkonce.s.*)
  }
  .lit8           : { *(.lit8) }
  .lit4           : { *(.lit4) }
  _edata = .; PROVIDE (edata = .);
  . = .;
  __bss_start = .;
  _fbss = .;
  .sbss           :
  {
    *(.dynsbss)
    *(.sbss .sbss.* .gnu.linkonce.sb.*)
    *(.scommon)
  }
  .bss            :
  {
   *(.dynbss)
   *(.bss .bss.* .gnu.linkonce.b.*)
   *(COMMON)
   /* Align here to ensure that the .bss section occupies space up to
      _end.  Align after .bss to ensure correct alignment even if the
      .bss section disappears because there are no input sections.
      FIXME: Why do we need it? When there is no .bss section, we do not
      pad the .data section.  */
   . = ALIGN(. != 0 ? 32 / 8 : 1);
  }
  . = ALIGN(32 / 8);
  . = SEGMENT_START("ldata-segment", .);
  . = ALIGN(32 / 8);
  _end = .; PROVIDE (end = .);
  . = DATA_SEGMENT_END (.);
  /* Stabs debugging sections.  */
  .stab          0 : { *(.stab) }
  .stabstr       0 : { *(.stabstr) }
  .stab.excl     0 : { *(.stab.excl) }
  .stab.exclstr  0 : { *(.stab.exclstr) }
  .stab.index    0 : { *(.stab.index) }
  .stab.indexstr 0 : { *(.stab.indexstr) }
  .comment       0 : { *(.comment) }
  .gnu.build.attributes : { *(.gnu.build.attributes .gnu.build.attributes.*) }
  /* DWARF debug sections.
     Symbols in the DWARF debugging sections are relative to the beginning
     of the section so we begin them at 0.  */
  /* DWARF 1 */
  .debug          0 : { *(.debug) }
  .line           0 : { *(.line) }
  /* GNU DWARF 1 extensions */
  .debug_srcinfo  0 : { *(.debug_srcinfo) }
  .debug_sfnames  0 : { *(.debug_sfnames) }
  /* DWARF 1.1 and DWARF 2 */
  .debug_aranges  0 : { *(.debug_aranges) }
  .debug_pubnames 0 : { *(.debug_pubnames) }
  /* DWARF 2 */
  .debug_info     0 : { *(.debug_info .gnu.linkonce.wi.*) }
  .debug_abbrev   0 : { *(.debug_abbrev) }
  .debug_line     0 : { *(.debug_line .debug_line.* .debug_line_end) }
  .debug_frame    0 : { *(.debug_frame) }
  .debug_str      0 : { *(.debug_str) }
  .debug_loc      0 : { *(.debug_loc) }
  .debug_macinfo  0 : { *(.debug_macinfo) }
  /* SGI/MIPS DWARF 2 extensions */
  .debug_weaknames 0 : { *(.debug_weaknames) }
  .debug_funcnames 0 : { *(.debug_funcnames) }
  .debug_typenames 0 : { *(.debug_typenames) }
  .debug_varnames  0 : { *(.debug_varnames) }
  /* DWARF 3 */
  .debug_pubtypes 0 : { *(.debug_pubtypes) }
  .debug_ranges   0 : { *(.debug_ranges) }
  /* DWARF Extension.  */
  .debug_macro    0 : { *(.debug_macro) }
  .debug_addr     0 : { *(.debug_addr) }
  .gnu.attributes 0 : { KEEP (*(.gnu.attributes)) }
  .gptab.sdata : { *(.gptab.data) *(.gptab.sdata) }
  .gptab.sbss : { *(.gptab.bss) *(.gptab.sbss) }
  .mdebug.abi32 0 : { KEEP(*(.mdebug.abi32)) }
  .mdebug.abiN32 0 : { KEEP(*(.mdebug.abiN32)) }
  .mdebug.abi64 0 : { KEEP(*(.mdebug.abi64)) }
  .mdebug.abiO64 0 : { KEEP(*(.mdebug.abiO64)) }
  .mdebug.eabi32 0 : { KEEP(*(.mdebug.eabi32)) }
  .mdebug.eabi64 0 : { KEEP(*(.mdebug.eabi64)) }
  .gcc_compiled_long32 0 : { KEEP(*(.gcc_compiled_long32)) }
  .gcc_compiled_long64 0 : { KEEP(*(.gcc_compiled_long64)) }
  /DISCARD/ : { *(.note.GNU-stack) *(.gnu_debuglink) *(.gnu.lto_*) }
}


==================================================
/home/harry/mipsel-linux-musl-cross/bin/../lib/gcc/mipsel-linux-musl/8.3.0/../../../../mipsel-linux-musl/bin/ld: mode elf32ltsmip
attempt to open /home/harry/mipsel-linux-musl-cross/bin/../lib/gcc/mipsel-linux-musl/8.3.0/../../../../mipsel-linux-musl/lib/crt1.o succeeded
/home/harry/mipsel-linux-musl-cross/bin/../lib/gcc/mipsel-linux-musl/8.3.0/../../../../mipsel-linux-musl/lib/crt1.o
attempt to open /home/harry/mipsel-linux-musl-cross/bin/../lib/gcc/mipsel-linux-musl/8.3.0/../../../../mipsel-linux-musl/lib/crti.o succeeded
/home/harry/mipsel-linux-musl-cross/bin/../lib/gcc/mipsel-linux-musl/8.3.0/../../../../mipsel-linux-musl/lib/crti.o
attempt to open /home/harry/mipsel-linux-musl-cross/bin/../lib/gcc/mipsel-linux-musl/8.3.0/crtbeginT.o succeeded
/home/harry/mipsel-linux-musl-cross/bin/../lib/gcc/mipsel-linux-musl/8.3.0/crtbeginT.o
attempt to open applets/built-in.o succeeded
applets/built-in.o
attempt to open archival/lib.a succeeded
archival/lib.a
attempt to open archival/libarchive/lib.a succeeded
archival/libarchive/lib.a
attempt to open console-tools/lib.a succeeded
console-tools/lib.a
attempt to open coreutils/lib.a succeeded
coreutils/lib.a
attempt to open coreutils/libcoreutils/lib.a succeeded
coreutils/libcoreutils/lib.a
attempt to open debianutils/lib.a succeeded
debianutils/lib.a
attempt to open klibc-utils/lib.a succeeded
klibc-utils/lib.a
attempt to open e2fsprogs/lib.a succeeded
e2fsprogs/lib.a
attempt to open editors/lib.a succeeded
editors/lib.a
attempt to open findutils/lib.a succeeded
findutils/lib.a
attempt to open init/lib.a succeeded
init/lib.a
attempt to open libbb/lib.a succeeded
libbb/lib.a
(libbb/lib.a)appletlib.o
(libbb/lib.a)compare_string_array.o
(libbb/lib.a)concat_path_file.o
(libbb/lib.a)default_error_retval.o
(libbb/lib.a)get_last_path_component.o
(libbb/lib.a)last_char_is.o
(libbb/lib.a)llist.o
(libbb/lib.a)messages.o
(libbb/lib.a)perror_msg.o
(libbb/lib.a)skip_whitespace.o
(libbb/lib.a)verror_msg.o
(libbb/lib.a)wfopen.o
(libbb/lib.a)xfunc_die.o
(libbb/lib.a)xfuncs.o
(libbb/lib.a)xfuncs_printf.o
(libbb/lib.a)xreadlink.o
(libbb/lib.a)copyfd.o
(libbb/lib.a)full_write.o
(libbb/lib.a)read.o
(libbb/lib.a)safe_write.o
(libbb/lib.a)signals.o
(libbb/lib.a)time.o
(libbb/lib.a)bb_strtonum.o
attempt to open libpwdgrp/lib.a succeeded
libpwdgrp/lib.a
(libpwdgrp/lib.a)uidgid_get.o
attempt to open loginutils/lib.a succeeded
loginutils/lib.a
attempt to open mailutils/lib.a succeeded
mailutils/lib.a
attempt to open miscutils/lib.a succeeded
miscutils/lib.a
(miscutils/lib.a)bc.o
(miscutils/lib.a)less.o
attempt to open modutils/lib.a succeeded
modutils/lib.a
attempt to open networking/lib.a succeeded
networking/lib.a
(networking/lib.a)arp.o
(networking/lib.a)arping.o
(networking/lib.a)dnsd.o
(networking/lib.a)ether-wake.o
(networking/lib.a)ftpd.o
(networking/lib.a)ftpgetput.o
(networking/lib.a)hostname.o
(networking/lib.a)httpd.o
(networking/lib.a)ifconfig.o
(networking/lib.a)ifenslave.o
(networking/lib.a)ifplugd.o
(networking/lib.a)ifupdown.o
(networking/lib.a)inetd.o
(networking/lib.a)interface.o
(networking/lib.a)ip.o
(networking/lib.a)ipcalc.o
(networking/lib.a)isrv_identd.o
(networking/lib.a)nameif.o
(networking/lib.a)nbd-client.o
(networking/lib.a)nc.o
(networking/lib.a)netstat.o
(networking/lib.a)nslookup.o
(networking/lib.a)ntpd.o
(networking/lib.a)parse_pasv_epsv.o
(networking/lib.a)ping.o
(networking/lib.a)pscan.o
(networking/lib.a)route.o
(networking/lib.a)slattach.o
(networking/lib.a)ssl_client.o
(networking/lib.a)tc.o
(networking/lib.a)tcpudp.o
(networking/lib.a)tcpudp_perhost.o
(networking/lib.a)telnet.o
(networking/lib.a)telnetd.o
(networking/lib.a)tftp.o
(networking/lib.a)tls.o
(networking/lib.a)tls_aes.o
(networking/lib.a)tls_aesgcm.o
(networking/lib.a)tls_fe.o
(networking/lib.a)tls_pstm.o
(networking/lib.a)tls_pstm_montgomery_reduce.o
(networking/lib.a)tls_pstm_mul_comba.o
(networking/lib.a)tls_pstm_sqr_comba.o
(networking/lib.a)tls_rsa.o
(networking/lib.a)traceroute.o
(networking/lib.a)tunctl.o
(networking/lib.a)vconfig.o
(networking/lib.a)wget.o
(networking/lib.a)whois.o
(networking/lib.a)zcip.o
(networking/lib.a)isrv.o
attempt to open networking/libiproute/lib.a succeeded
networking/libiproute/lib.a
(networking/libiproute/lib.a)ip_parse_common_args.o
(networking/libiproute/lib.a)ipaddress.o
(networking/libiproute/lib.a)iplink.o
(networking/libiproute/lib.a)ipneigh.o
(networking/libiproute/lib.a)iproute.o
(networking/libiproute/lib.a)iprule.o
(networking/libiproute/lib.a)iptunnel.o
(networking/libiproute/lib.a)libnetlink.o
(networking/libiproute/lib.a)ll_addr.o
(networking/libiproute/lib.a)ll_map.o
(networking/libiproute/lib.a)ll_proto.o
(networking/libiproute/lib.a)ll_types.o
(networking/libiproute/lib.a)rt_names.o
(networking/libiproute/lib.a)rtm_map.o
(networking/libiproute/lib.a)utils.o
attempt to open networking/udhcp/lib.a succeeded
networking/udhcp/lib.a
(networking/udhcp/lib.a)dhcpc.o
(networking/udhcp/lib.a)dhcpd.o
(networking/udhcp/lib.a)dhcprelay.o
(networking/udhcp/lib.a)domain_codec.o
(networking/udhcp/lib.a)dumpleases.o
(networking/udhcp/lib.a)packet.o
(networking/udhcp/lib.a)signalpipe.o
(networking/udhcp/lib.a)socket.o
(networking/udhcp/lib.a)arpping.o
(networking/udhcp/lib.a)common.o
attempt to open printutils/lib.a succeeded
printutils/lib.a
attempt to open procps/lib.a succeeded
procps/lib.a
(procps/lib.a)free.o
(procps/lib.a)fuser.o
(procps/lib.a)iostat.o
(procps/lib.a)kill.o
(procps/lib.a)lsof.o
(procps/lib.a)mpstat.o
(procps/lib.a)nmeter.o
(procps/lib.a)pgrep.o
(procps/lib.a)pidof.o
(procps/lib.a)pmap.o
(procps/lib.a)powertop.o
(procps/lib.a)ps.o
(procps/lib.a)pstree.o
(procps/lib.a)pwdx.o
(procps/lib.a)smemcap.o
(procps/lib.a)sysctl.o
(procps/lib.a)top.o
(procps/lib.a)uptime.o
(procps/lib.a)watch.o
attempt to open runit/lib.a succeeded
runit/lib.a
attempt to open selinux/lib.a succeeded
selinux/lib.a
attempt to open shell/lib.a succeeded
shell/lib.a
(shell/lib.a)ash.o
(shell/lib.a)ash_ptr_hack.o
(shell/lib.a)cttyhack.o
(shell/lib.a)hush.o
(shell/lib.a)match.o
(shell/lib.a)math.o
(shell/lib.a)random.o
(shell/lib.a)shell_common.o
attempt to open sysklogd/lib.a succeeded
sysklogd/lib.a
attempt to open util-linux/lib.a succeeded
util-linux/lib.a
(util-linux/lib.a)hexdump.o
(util-linux/lib.a)hexdump_xxd.o
attempt to open util-linux/volume_id/lib.a succeeded
util-linux/volume_id/lib.a
attempt to open archival/built-in.o succeeded
archival/built-in.o
attempt to open archival/libarchive/built-in.o succeeded
archival/libarchive/built-in.o
attempt to open console-tools/built-in.o succeeded
console-tools/built-in.o
attempt to open coreutils/built-in.o succeeded
coreutils/built-in.o
attempt to open coreutils/libcoreutils/built-in.o succeeded
coreutils/libcoreutils/built-in.o
attempt to open debianutils/built-in.o succeeded
debianutils/built-in.o
attempt to open klibc-utils/built-in.o succeeded
klibc-utils/built-in.o
attempt to open e2fsprogs/built-in.o succeeded
e2fsprogs/built-in.o
attempt to open editors/built-in.o succeeded
editors/built-in.o
attempt to open findutils/built-in.o succeeded
findutils/built-in.o
attempt to open init/built-in.o succeeded
init/built-in.o
attempt to open libbb/built-in.o succeeded
libbb/built-in.o
attempt to open libpwdgrp/built-in.o succeeded
libpwdgrp/built-in.o
attempt to open loginutils/built-in.o succeeded
loginutils/built-in.o
attempt to open mailutils/built-in.o succeeded
mailutils/built-in.o
attempt to open miscutils/built-in.o succeeded
miscutils/built-in.o
attempt to open modutils/built-in.o succeeded
modutils/built-in.o
attempt to open networking/built-in.o succeeded
networking/built-in.o
attempt to open networking/libiproute/built-in.o succeeded
networking/libiproute/built-in.o
attempt to open networking/udhcp/built-in.o succeeded
networking/udhcp/built-in.o
attempt to open printutils/built-in.o succeeded
printutils/built-in.o
attempt to open procps/built-in.o succeeded
procps/built-in.o
attempt to open runit/built-in.o succeeded
runit/built-in.o
attempt to open selinux/built-in.o succeeded
selinux/built-in.o
attempt to open shell/built-in.o succeeded
shell/built-in.o
attempt to open sysklogd/built-in.o succeeded
sysklogd/built-in.o
attempt to open util-linux/built-in.o succeeded
util-linux/built-in.o
attempt to open util-linux/volume_id/built-in.o succeeded
util-linux/volume_id/built-in.o
archival/lib.a
(archival/lib.a)bbunzip.o
(archival/lib.a)bzip2.o
(archival/lib.a)gzip.o
(archival/lib.a)lzop.o
(archival/lib.a)rpm.o
(archival/lib.a)tar.o
(archival/lib.a)unzip.o
archival/libarchive/lib.a
(archival/libarchive/lib.a)data_extract_all.o
(archival/libarchive/lib.a)data_extract_to_command.o
(archival/libarchive/lib.a)data_extract_to_stdout.o
(archival/libarchive/lib.a)data_skip.o
(archival/libarchive/lib.a)decompress_bunzip2.o
(archival/libarchive/lib.a)decompress_gunzip.o
(archival/libarchive/lib.a)decompress_unlzma.o
(archival/libarchive/lib.a)decompress_unxz.o
(archival/libarchive/lib.a)filter_accept_reject_list.o
(archival/libarchive/lib.a)find_list_entry.o
(archival/libarchive/lib.a)get_header_cpio.o
(archival/libarchive/lib.a)get_header_tar.o
(archival/libarchive/lib.a)header_list.o
(archival/libarchive/lib.a)header_verbose_list.o
(archival/libarchive/lib.a)init_handle.o
(archival/libarchive/lib.a)lzo1x_1.o
(archival/libarchive/lib.a)lzo1x_1o.o
(archival/libarchive/lib.a)lzo1x_d.o
(archival/libarchive/lib.a)open_transformer.o
(archival/libarchive/lib.a)seek_by_jump.o
(archival/libarchive/lib.a)seek_by_read.o
(archival/libarchive/lib.a)unsafe_prefix.o
(archival/libarchive/lib.a)unsafe_symlink_target.o
(archival/libarchive/lib.a)common.o
(archival/libarchive/lib.a)data_align.o
(archival/libarchive/lib.a)filter_accept_all.o
(archival/libarchive/lib.a)header_skip.o
console-tools/lib.a
(console-tools/lib.a)clear.o
coreutils/lib.a
(coreutils/lib.a)basename.o
(coreutils/lib.a)cat.o
(coreutils/lib.a)chgrp.o
(coreutils/lib.a)chmod.o
(coreutils/lib.a)chown.o
(coreutils/lib.a)chroot.o
(coreutils/lib.a)cksum.o
(coreutils/lib.a)comm.o
(coreutils/lib.a)cp.o
(coreutils/lib.a)cut.o
(coreutils/lib.a)date.o
(coreutils/lib.a)dd.o
(coreutils/lib.a)df.o
(coreutils/lib.a)dirname.o
(coreutils/lib.a)dos2unix.o
(coreutils/lib.a)du.o
(coreutils/lib.a)echo.o
(coreutils/lib.a)env.o
(coreutils/lib.a)expand.o
(coreutils/lib.a)expr.o
(coreutils/lib.a)factor.o
(coreutils/lib.a)false.o
(coreutils/lib.a)fold.o
(coreutils/lib.a)fsync.o
(coreutils/lib.a)head.o
(coreutils/lib.a)link.o
(coreutils/lib.a)ln.o
(coreutils/lib.a)logname.o
(coreutils/lib.a)ls.o
(coreutils/lib.a)md5_sha1_sum.o
(coreutils/lib.a)mkdir.o
(coreutils/lib.a)mkfifo.o
(coreutils/lib.a)mknod.o
(coreutils/lib.a)mktemp.o
(coreutils/lib.a)mv.o
(coreutils/lib.a)nice.o
(coreutils/lib.a)nl.o
(coreutils/lib.a)nohup.o
(coreutils/lib.a)nproc.o
(coreutils/lib.a)od.o
(coreutils/lib.a)paste.o
(coreutils/lib.a)printenv.o
(coreutils/lib.a)printf.o
(coreutils/lib.a)pwd.o
(coreutils/lib.a)readlink.o
(coreutils/lib.a)realpath.o
(coreutils/lib.a)rm.o
(coreutils/lib.a)rmdir.o
(coreutils/lib.a)seq.o
(coreutils/lib.a)shred.o
(coreutils/lib.a)shuf.o
(coreutils/lib.a)sleep.o
(coreutils/lib.a)sort.o
(coreutils/lib.a)split.o
(coreutils/lib.a)stat.o
(coreutils/lib.a)sum.o
(coreutils/lib.a)sync.o
(coreutils/lib.a)tac.o
(coreutils/lib.a)tail.o
(coreutils/lib.a)tee.o
(coreutils/lib.a)test.o
(coreutils/lib.a)test_ptr_hack.o
(coreutils/lib.a)timeout.o
(coreutils/lib.a)touch.o
(coreutils/lib.a)tr.o
(coreutils/lib.a)true.o
(coreutils/lib.a)truncate.o
(coreutils/lib.a)tty.o
(coreutils/lib.a)uname.o
(coreutils/lib.a)uniq.o
(coreutils/lib.a)unlink.o
(coreutils/lib.a)usleep.o
(coreutils/lib.a)uudecode.o
(coreutils/lib.a)uuencode.o
(coreutils/lib.a)wc.o
(coreutils/lib.a)yes.o
coreutils/libcoreutils/lib.a
(coreutils/libcoreutils/lib.a)cp_mv_stat.o
(coreutils/libcoreutils/lib.a)getopt_mk_fifo_nod.o
debianutils/lib.a
klibc-utils/lib.a
e2fsprogs/lib.a
editors/lib.a
(editors/lib.a)awk.o
(editors/lib.a)cmp.o
(editors/lib.a)diff.o
(editors/lib.a)ed.o
(editors/lib.a)patch.o
(editors/lib.a)sed.o
(editors/lib.a)vi.o
findutils/lib.a
(findutils/lib.a)find.o
(findutils/lib.a)grep.o
(findutils/lib.a)xargs.o
init/lib.a
libbb/lib.a
(libbb/lib.a)ask_confirmation.o
(libbb/lib.a)auto_string.o
(libbb/lib.a)bb_bswap_64.o
(libbb/lib.a)bb_cat.o
(libbb/lib.a)bb_getgroups.o
(libbb/lib.a)bb_getsockname.o
(libbb/lib.a)bb_pwd.o
(libbb/lib.a)bb_qsort.o
(libbb/lib.a)change_identity.o
(libbb/lib.a)chomp.o
(libbb/lib.a)common_bufsiz.o
(libbb/lib.a)concat_subpath_file.o
(libbb/lib.a)copy_file.o
(libbb/lib.a)correct_password.o
(libbb/lib.a)crc32.o
(libbb/lib.a)dump.o
(libbb/lib.a)duration.o
(libbb/lib.a)endofname.o
(libbb/lib.a)executable.o
(libbb/lib.a)fclose_nonstdin.o
(libbb/lib.a)fflush_stdout_and_exit.o
(libbb/lib.a)fgets_str.o
(libbb/lib.a)find_mount_point.o
(libbb/lib.a)find_pid_by_name.o
(libbb/lib.a)get_cpu_count.o
(libbb/lib.a)get_line_from_file.o
(libbb/lib.a)get_shell_name.o
(libbb/lib.a)getopt32.o
(libbb/lib.a)getopt_allopts.o
(libbb/lib.a)getpty.o
(libbb/lib.a)hash_md5_sha.o
(libbb/lib.a)herror_msg.o
(libbb/lib.a)human_readable.o
(libbb/lib.a)in_ether.o
(libbb/lib.a)inet_cksum.o
(libbb/lib.a)inet_common.o
(libbb/lib.a)inode_hash.o
(libbb/lib.a)isdirectory.o
(libbb/lib.a)isqrt.o
(libbb/lib.a)lineedit.o
(libbb/lib.a)lineedit_ptr_hack.o
(libbb/lib.a)logenv.o
(libbb/lib.a)login.o
(libbb/lib.a)make_directory.o
(libbb/lib.a)mode_string.o
(libbb/lib.a)nuke_str.o
(libbb/lib.a)parse_config.o
(libbb/lib.a)parse_mode.o
(libbb/lib.a)percent_decode.o
(libbb/lib.a)perror_nomsg_and_die.o
(libbb/lib.a)pidfile.o
(libbb/lib.a)print_flags.o
(libbb/lib.a)print_numbered_lines.o
(libbb/lib.a)printable.o
(libbb/lib.a)printable_string.o
(libbb/lib.a)process_escape_sequence.o
(libbb/lib.a)procps.o
(libbb/lib.a)progress.o
(libbb/lib.a)ptr_to_globals.o
(libbb/lib.a)pw_encrypt.o
(libbb/lib.a)read_key.o
(libbb/lib.a)read_printf.o
(libbb/lib.a)recursive_action.o
(libbb/lib.a)remove_file.o
(libbb/lib.a)replace.o
(libbb/lib.a)run_shell.o
(libbb/lib.a)safe_gethostname.o
(libbb/lib.a)safe_poll.o
(libbb/lib.a)safe_strncpy.o
(libbb/lib.a)simplify_path.o
(libbb/lib.a)single_argv.o
(libbb/lib.a)speed_table.o
(libbb/lib.a)str_tolower.o
(libbb/lib.a)sysconf.o
(libbb/lib.a)trim.o
(libbb/lib.a)u_signal_names.o
(libbb/lib.a)udp_io.o
(libbb/lib.a)unicode.o
(libbb/lib.a)utmp.o
(libbb/lib.a)uuencode.o
(libbb/lib.a)vfork_daemon_rexec.o
(libbb/lib.a)wfopen_input.o
(libbb/lib.a)xatonum.o
(libbb/lib.a)xconnect.o
(libbb/lib.a)xgetcwd.o
(libbb/lib.a)xgethostbyname.o
(libbb/lib.a)xrealloc_vector.o
(libbb/lib.a)xregcomp.o
(libbb/lib.a)bb_askpass.o
libpwdgrp/lib.a
loginutils/lib.a
mailutils/lib.a
miscutils/lib.a
modutils/lib.a
networking/lib.a
networking/libiproute/lib.a
networking/udhcp/lib.a
printutils/lib.a
procps/lib.a
runit/lib.a
selinux/lib.a
shell/lib.a
sysklogd/lib.a
util-linux/lib.a
util-linux/volume_id/lib.a
archival/built-in.o
archival/libarchive/built-in.o
console-tools/built-in.o
coreutils/built-in.o
coreutils/libcoreutils/built-in.o
debianutils/built-in.o
klibc-utils/built-in.o
e2fsprogs/built-in.o
editors/built-in.o
findutils/built-in.o
init/built-in.o
libbb/built-in.o
libpwdgrp/built-in.o
loginutils/built-in.o
mailutils/built-in.o
miscutils/built-in.o
modutils/built-in.o
networking/built-in.o
networking/libiproute/built-in.o
networking/udhcp/built-in.o
printutils/built-in.o
procps/built-in.o
runit/built-in.o
selinux/built-in.o
shell/built-in.o
sysklogd/built-in.o
util-linux/built-in.o
util-linux/volume_id/built-in.o
archival/lib.a
archival/libarchive/lib.a
console-tools/lib.a
coreutils/lib.a
coreutils/libcoreutils/lib.a
debianutils/lib.a
klibc-utils/lib.a
e2fsprogs/lib.a
editors/lib.a
findutils/lib.a
init/lib.a
libbb/lib.a
libpwdgrp/lib.a
loginutils/lib.a
mailutils/lib.a
miscutils/lib.a
modutils/lib.a
networking/lib.a
networking/libiproute/lib.a
networking/udhcp/lib.a
printutils/lib.a
procps/lib.a
runit/lib.a
selinux/lib.a
shell/lib.a
sysklogd/lib.a
util-linux/lib.a
util-linux/volume_id/lib.a
archival/built-in.o
archival/libarchive/built-in.o
console-tools/built-in.o
coreutils/built-in.o
coreutils/libcoreutils/built-in.o
debianutils/built-in.o
klibc-utils/built-in.o
e2fsprogs/built-in.o
editors/built-in.o
findutils/built-in.o
init/built-in.o
libbb/built-in.o
libpwdgrp/built-in.o
loginutils/built-in.o
mailutils/built-in.o
miscutils/built-in.o
modutils/built-in.o
networking/built-in.o
networking/libiproute/built-in.o
networking/udhcp/built-in.o
printutils/built-in.o
procps/built-in.o
runit/built-in.o
selinux/built-in.o
shell/built-in.o
sysklogd/built-in.o
util-linux/built-in.o
util-linux/volume_id/built-in.o
attempt to open /home/harry/mipsel-linux-musl-cross/bin/../lib/gcc/mipsel-linux-musl/8.3.0/libgcc.a succeeded
/home/harry/mipsel-linux-musl-cross/bin/../lib/gcc/mipsel-linux-musl/8.3.0/libgcc.a
(/home/harry/mipsel-linux-musl-cross/bin/../lib/gcc/mipsel-linux-musl/8.3.0/libgcc.a)_lshrdi3.o
(/home/harry/mipsel-linux-musl-cross/bin/../lib/gcc/mipsel-linux-musl/8.3.0/libgcc.a)_ashldi3.o
(/home/harry/mipsel-linux-musl-cross/bin/../lib/gcc/mipsel-linux-musl/8.3.0/libgcc.a)_ashrdi3.o
(/home/harry/mipsel-linux-musl-cross/bin/../lib/gcc/mipsel-linux-musl/8.3.0/libgcc.a)_fixdfdi.o
(/home/harry/mipsel-linux-musl-cross/bin/../lib/gcc/mipsel-linux-musl/8.3.0/libgcc.a)_fixunsdfdi.o
(/home/harry/mipsel-linux-musl-cross/bin/../lib/gcc/mipsel-linux-musl/8.3.0/libgcc.a)_floatdidf.o
(/home/harry/mipsel-linux-musl-cross/bin/../lib/gcc/mipsel-linux-musl/8.3.0/libgcc.a)_floatundidf.o
(/home/harry/mipsel-linux-musl-cross/bin/../lib/gcc/mipsel-linux-musl/8.3.0/libgcc.a)_divdi3.o
(/home/harry/mipsel-linux-musl-cross/bin/../lib/gcc/mipsel-linux-musl/8.3.0/libgcc.a)_moddi3.o
(/home/harry/mipsel-linux-musl-cross/bin/../lib/gcc/mipsel-linux-musl/8.3.0/libgcc.a)_udivdi3.o
(/home/harry/mipsel-linux-musl-cross/bin/../lib/gcc/mipsel-linux-musl/8.3.0/libgcc.a)_umoddi3.o
(/home/harry/mipsel-linux-musl-cross/bin/../lib/gcc/mipsel-linux-musl/8.3.0/libgcc.a)_clz.o
attempt to open /home/harry/mipsel-linux-musl-cross/bin/../lib/gcc/mipsel-linux-musl/8.3.0/libgcc_eh.a succeeded
/home/harry/mipsel-linux-musl-cross/bin/../lib/gcc/mipsel-linux-musl/8.3.0/libgcc_eh.a
attempt to open /home/harry/mipsel-linux-musl-cross/bin/../lib/gcc/mipsel-linux-musl/8.3.0/libc.a failed
attempt to open /home/harry/mipsel-linux-musl-cross/bin/../lib/gcc/libc.a failed
attempt to open /home/harry/mipsel-linux-musl-cross/bin/../lib/gcc/mipsel-linux-musl/8.3.0/../../../../mipsel-linux-musl/lib/libc.a succeeded
/home/harry/mipsel-linux-musl-cross/bin/../lib/gcc/mipsel-linux-musl/8.3.0/../../../../mipsel-linux-musl/lib/libc.a
(/home/harry/mipsel-linux-musl-cross/bin/../lib/gcc/mipsel-linux-musl/8.3.0/../../../../mipsel-linux-musl/lib/libc.a)sysconf.lo
(/home/harry/mipsel-linux-musl-cross/bin/../lib/gcc/mipsel-linux-musl/8.3.0/../../../../mipsel-linux-musl/lib/libc.a)crypt.lo
(/home/harry/mipsel-linux-musl-cross/bin/../lib/gcc/mipsel-linux-musl/8.3.0/../../../../mipsel-linux-musl/lib/libc.a)crypt_r.lo
(/home/harry/mipsel-linux-musl-cross/bin/../lib/gcc/mipsel-linux-musl/8.3.0/../../../../mipsel-linux-musl/lib/libc.a)crypt_sha256.lo
(/home/harry/mipsel-linux-musl-cross/bin/../lib/gcc/mipsel-linux-musl/8.3.0/../../../../mipsel-linux-musl/lib/libc.a)crypt_sha512.lo
(/home/harry/mipsel-linux-musl-cross/bin/../lib/gcc/mipsel-linux-musl/8.3.0/../../../../mipsel-linux-musl/lib/libc.a)closedir.lo
(/home/harry/mipsel-linux-musl-cross/bin/../lib/gcc/mipsel-linux-musl/8.3.0/../../../../mipsel-linux-musl/lib/libc.a)opendir.lo
(/home/harry/mipsel-linux-musl-cross/bin/../lib/gcc/mipsel-linux-musl/8.3.0/../../../../mipsel-linux-musl/lib/libc.a)readdir.lo
(/home/harry/mipsel-linux-musl-cross/bin/../lib/gcc/mipsel-linux-musl/8.3.0/../../../../mipsel-linux-musl/lib/libc.a)__environ.lo
(/home/harry/mipsel-linux-musl-cross/bin/../lib/gcc/mipsel-linux-musl/8.3.0/../../../../mipsel-linux-musl/lib/libc.a)__libc_start_main.lo
(/home/harry/mipsel-linux-musl-cross/bin/../lib/gcc/mipsel-linux-musl/8.3.0/../../../../mipsel-linux-musl/lib/libc.a)clearenv.lo
(/home/harry/mipsel-linux-musl-cross/bin/../lib/gcc/mipsel-linux-musl/8.3.0/../../../../mipsel-linux-musl/lib/libc.a)getenv.lo
(/home/harry/mipsel-linux-musl-cross/bin/../lib/gcc/mipsel-linux-musl/8.3.0/../../../../mipsel-linux-musl/lib/libc.a)putenv.lo
(/home/harry/mipsel-linux-musl-cross/bin/../lib/gcc/mipsel-linux-musl/8.3.0/../../../../mipsel-linux-musl/lib/libc.a)setenv.lo
(/home/harry/mipsel-linux-musl-cross/bin/../lib/gcc/mipsel-linux-musl/8.3.0/../../../../mipsel-linux-musl/lib/libc.a)unsetenv.lo
(/home/harry/mipsel-linux-musl-cross/bin/../lib/gcc/mipsel-linux-musl/8.3.0/../../../../mipsel-linux-musl/lib/libc.a)__errno_location.lo
(/home/harry/mipsel-linux-musl-cross/bin/../lib/gcc/mipsel-linux-musl/8.3.0/../../../../mipsel-linux-musl/lib/libc.a)strerror.lo
(/home/harry/mipsel-linux-musl-cross/bin/../lib/gcc/mipsel-linux-musl/8.3.0/../../../../mipsel-linux-musl/lib/libc.a)exit.lo
(/home/harry/mipsel-linux-musl-cross/bin/../lib/gcc/mipsel-linux-musl/8.3.0/../../../../mipsel-linux-musl/lib/libc.a)creat.lo
(/home/harry/mipsel-linux-musl-cross/bin/../lib/gcc/mipsel-linux-musl/8.3.0/../../../../mipsel-linux-musl/lib/libc.a)fcntl.lo
(/home/harry/mipsel-linux-musl-cross/bin/../lib/gcc/mipsel-linux-musl/8.3.0/../../../../mipsel-linux-musl/lib/libc.a)open.lo
(/home/harry/mipsel-linux-musl-cross/bin/../lib/gcc/mipsel-linux-musl/8.3.0/../../../../mipsel-linux-musl/lib/libc.a)libc.lo
(/home/harry/mipsel-linux-musl-cross/bin/../lib/gcc/mipsel-linux-musl/8.3.0/../../../../mipsel-linux-musl/lib/libc.a)syscall_ret.lo
(/home/harry/mipsel-linux-musl-cross/bin/../lib/gcc/mipsel-linux-musl/8.3.0/../../../../mipsel-linux-musl/lib/libc.a)daemon.lo
(/home/harry/mipsel-linux-musl-cross/bin/../lib/gcc/mipsel-linux-musl/8.3.0/../../../../mipsel-linux-musl/lib/libc.a)getpagesize.lo
(/home/harry/mipsel-linux-musl-cross/bin/../lib/gcc/mipsel-linux-musl/8.3.0/../../../../mipsel-linux-musl/lib/libc.a)lutimes.lo
(/home/harry/mipsel-linux-musl-cross/bin/../lib/gcc/mipsel-linux-musl/8.3.0/../../../../mipsel-linux-musl/lib/libc.a)utmpx.lo
(/home/harry/mipsel-linux-musl-cross/bin/../lib/gcc/mipsel-linux-musl/8.3.0/../../../../mipsel-linux-musl/lib/libc.a)adjtimex.lo
(/home/harry/mipsel-linux-musl-cross/bin/../lib/gcc/mipsel-linux-musl/8.3.0/../../../../mipsel-linux-musl/lib/libc.a)chroot.lo
(/home/harry/mipsel-linux-musl-cross/bin/../lib/gcc/mipsel-linux-musl/8.3.0/../../../../mipsel-linux-musl/lib/libc.a)prctl.lo
(/home/harry/mipsel-linux-musl-cross/bin/../lib/gcc/mipsel-linux-musl/8.3.0/../../../../mipsel-linux-musl/lib/libc.a)sendfile.lo
(/home/harry/mipsel-linux-musl-cross/bin/../lib/gcc/mipsel-linux-musl/8.3.0/../../../../mipsel-linux-musl/lib/libc.a)setgroups.lo
(/home/harry/mipsel-linux-musl-cross/bin/../lib/gcc/mipsel-linux-musl/8.3.0/../../../../mipsel-linux-musl/lib/libc.a)sethostname.lo
(/home/harry/mipsel-linux-musl-cross/bin/../lib/gcc/mipsel-linux-musl/8.3.0/../../../../mipsel-linux-musl/lib/libc.a)settimeofday.lo
(/home/harry/mipsel-linux-musl-cross/bin/../lib/gcc/mipsel-linux-musl/8.3.0/../../../../mipsel-linux-musl/lib/libc.a)stime.lo
(/home/harry/mipsel-linux-musl-cross/bin/../lib/gcc/mipsel-linux-musl/8.3.0/../../../../mipsel-linux-musl/lib/libc.a)syncfs.lo
(/home/harry/mipsel-linux-musl-cross/bin/../lib/gcc/mipsel-linux-musl/8.3.0/../../../../mipsel-linux-musl/lib/libc.a)sysinfo.lo
(/home/harry/mipsel-linux-musl-cross/bin/../lib/gcc/mipsel-linux-musl/8.3.0/../../../../mipsel-linux-musl/lib/libc.a)utimes.lo
(/home/harry/mipsel-linux-musl-cross/bin/../lib/gcc/mipsel-linux-musl/8.3.0/../../../../mipsel-linux-musl/lib/libc.a)__lctrans.lo
(/home/harry/mipsel-linux-musl-cross/bin/../lib/gcc/mipsel-linux-musl/8.3.0/../../../../mipsel-linux-musl/lib/libc.a)lite_malloc.lo
(/home/harry/mipsel-linux-musl-cross/bin/../lib/gcc/mipsel-linux-musl/8.3.0/../../../../mipsel-linux-musl/lib/libc.a)malloc.lo
(/home/harry/mipsel-linux-musl-cross/bin/../lib/gcc/mipsel-linux-musl/8.3.0/../../../../mipsel-linux-musl/lib/libc.a)atan2.lo
(/home/harry/mipsel-linux-musl-cross/bin/../lib/gcc/mipsel-linux-musl/8.3.0/../../../../mipsel-linux-musl/lib/libc.a)cos.lo
(/home/harry/mipsel-linux-musl-cross/bin/../lib/gcc/mipsel-linux-musl/8.3.0/../../../../mipsel-linux-musl/lib/libc.a)exp.lo
(/home/harry/mipsel-linux-musl-cross/bin/../lib/gcc/mipsel-linux-musl/8.3.0/../../../../mipsel-linux-musl/lib/libc.a)fabs.lo
(/home/harry/mipsel-linux-musl-cross/bin/../lib/gcc/mipsel-linux-musl/8.3.0/../../../../mipsel-linux-musl/lib/libc.a)log.lo
(/home/harry/mipsel-linux-musl-cross/bin/../lib/gcc/mipsel-linux-musl/8.3.0/../../../../mipsel-linux-musl/lib/libc.a)pow.lo
(/home/harry/mipsel-linux-musl-cross/bin/../lib/gcc/mipsel-linux-musl/8.3.0/../../../../mipsel-linux-musl/lib/libc.a)scalbn.lo
(/home/harry/mipsel-linux-musl-cross/bin/../lib/gcc/mipsel-linux-musl/8.3.0/../../../../mipsel-linux-musl/lib/libc.a)sin.lo
(/home/harry/mipsel-linux-musl-cross/bin/../lib/gcc/mipsel-linux-musl/8.3.0/../../../../mipsel-linux-musl/lib/libc.a)sqrt.lo
(/home/harry/mipsel-linux-musl-cross/bin/../lib/gcc/mipsel-linux-musl/8.3.0/../../../../mipsel-linux-musl/lib/libc.a)dirname.lo
(/home/harry/mipsel-linux-musl-cross/bin/../lib/gcc/mipsel-linux-musl/8.3.0/../../../../mipsel-linux-musl/lib/libc.a)getopt.lo
(/home/harry/mipsel-linux-musl-cross/bin/../lib/gcc/mipsel-linux-musl/8.3.0/../../../../mipsel-linux-musl/lib/libc.a)getopt_long.lo
(/home/harry/mipsel-linux-musl-cross/bin/../lib/gcc/mipsel-linux-musl/8.3.0/../../../../mipsel-linux-musl/lib/libc.a)getpriority.lo
(/home/harry/mipsel-linux-musl-cross/bin/../lib/gcc/mipsel-linux-musl/8.3.0/../../../../mipsel-linux-musl/lib/libc.a)getrlimit.lo
(/home/harry/mipsel-linux-musl-cross/bin/../lib/gcc/mipsel-linux-musl/8.3.0/../../../../mipsel-linux-musl/lib/libc.a)initgroups.lo
(/home/harry/mipsel-linux-musl-cross/bin/../lib/gcc/mipsel-linux-musl/8.3.0/../../../../mipsel-linux-musl/lib/libc.a)ioctl.lo
(/home/harry/mipsel-linux-musl-cross/bin/../lib/gcc/mipsel-linux-musl/8.3.0/../../../../mipsel-linux-musl/lib/libc.a)mntent.lo
(/home/harry/mipsel-linux-musl-cross/bin/../lib/gcc/mipsel-linux-musl/8.3.0/../../../../mipsel-linux-musl/lib/libc.a)pty.lo
(/home/harry/mipsel-linux-musl-cross/bin/../lib/gcc/mipsel-linux-musl/8.3.0/../../../../mipsel-linux-musl/lib/libc.a)realpath.lo
(/home/harry/mipsel-linux-musl-cross/bin/../lib/gcc/mipsel-linux-musl/8.3.0/../../../../mipsel-linux-musl/lib/libc.a)setpriority.lo
(/home/harry/mipsel-linux-musl-cross/bin/../lib/gcc/mipsel-linux-musl/8.3.0/../../../../mipsel-linux-musl/lib/libc.a)setrlimit.lo
(/home/harry/mipsel-linux-musl-cross/bin/../lib/gcc/mipsel-linux-musl/8.3.0/../../../../mipsel-linux-musl/lib/libc.a)syscall.lo
(/home/harry/mipsel-linux-musl-cross/bin/../lib/gcc/mipsel-linux-musl/8.3.0/../../../../mipsel-linux-musl/lib/libc.a)syslog.lo
(/home/harry/mipsel-linux-musl-cross/bin/../lib/gcc/mipsel-linux-musl/8.3.0/../../../../mipsel-linux-musl/lib/libc.a)uname.lo
(/home/harry/mipsel-linux-musl-cross/bin/../lib/gcc/mipsel-linux-musl/8.3.0/../../../../mipsel-linux-musl/lib/libc.a)madvise.lo
(/home/harry/mipsel-linux-musl-cross/bin/../lib/gcc/mipsel-linux-musl/8.3.0/../../../../mipsel-linux-musl/lib/libc.a)mmap.lo
(/home/harry/mipsel-linux-musl-cross/bin/../lib/gcc/mipsel-linux-musl/8.3.0/../../../../mipsel-linux-musl/lib/libc.a)mremap.lo
(/home/harry/mipsel-linux-musl-cross/bin/../lib/gcc/mipsel-linux-musl/8.3.0/../../../../mipsel-linux-musl/lib/libc.a)munmap.lo
(/home/harry/mipsel-linux-musl-cross/bin/../lib/gcc/mipsel-linux-musl/8.3.0/../../../../mipsel-linux-musl/lib/libc.a)mblen.lo
(/home/harry/mipsel-linux-musl-cross/bin/../lib/gcc/mipsel-linux-musl/8.3.0/../../../../mipsel-linux-musl/lib/libc.a)mbtowc.lo
(/home/harry/mipsel-linux-musl-cross/bin/../lib/gcc/mipsel-linux-musl/8.3.0/../../../../mipsel-linux-musl/lib/libc.a)accept.lo
(/home/harry/mipsel-linux-musl-cross/bin/../lib/gcc/mipsel-linux-musl/8.3.0/../../../../mipsel-linux-musl/lib/libc.a)bind.lo
(/home/harry/mipsel-linux-musl-cross/bin/../lib/gcc/mipsel-linux-musl/8.3.0/../../../../mipsel-linux-musl/lib/libc.a)connect.lo
(/home/harry/mipsel-linux-musl-cross/bin/../lib/gcc/mipsel-linux-musl/8.3.0/../../../../mipsel-linux-musl/lib/libc.a)ether.lo
(/home/harry/mipsel-linux-musl-cross/bin/../lib/gcc/mipsel-linux-musl/8.3.0/../../../../mipsel-linux-musl/lib/libc.a)freeaddrinfo.lo
(/home/harry/mipsel-linux-musl-cross/bin/../lib/gcc/mipsel-linux-musl/8.3.0/../../../../mipsel-linux-musl/lib/libc.a)getaddrinfo.lo
(/home/harry/mipsel-linux-musl-cross/bin/../lib/gcc/mipsel-linux-musl/8.3.0/../../../../mipsel-linux-musl/lib/libc.a)gethostbyaddr.lo
(/home/harry/mipsel-linux-musl-cross/bin/../lib/gcc/mipsel-linux-musl/8.3.0/../../../../mipsel-linux-musl/lib/libc.a)gethostbyaddr_r.lo
(/home/harry/mipsel-linux-musl-cross/bin/../lib/gcc/mipsel-linux-musl/8.3.0/../../../../mipsel-linux-musl/lib/libc.a)gethostbyname.lo
(/home/harry/mipsel-linux-musl-cross/bin/../lib/gcc/mipsel-linux-musl/8.3.0/../../../../mipsel-linux-musl/lib/libc.a)gethostbyname2.lo
(/home/harry/mipsel-linux-musl-cross/bin/../lib/gcc/mipsel-linux-musl/8.3.0/../../../../mipsel-linux-musl/lib/libc.a)gethostbyname2_r.lo
(/home/harry/mipsel-linux-musl-cross/bin/../lib/gcc/mipsel-linux-musl/8.3.0/../../../../mipsel-linux-musl/lib/libc.a)getnameinfo.lo
(/home/harry/mipsel-linux-musl-cross/bin/../lib/gcc/mipsel-linux-musl/8.3.0/../../../../mipsel-linux-musl/lib/libc.a)getpeername.lo
(/home/harry/mipsel-linux-musl-cross/bin/../lib/gcc/mipsel-linux-musl/8.3.0/../../../../mipsel-linux-musl/lib/libc.a)getservbyname.lo
(/home/harry/mipsel-linux-musl-cross/bin/../lib/gcc/mipsel-linux-musl/8.3.0/../../../../mipsel-linux-musl/lib/libc.a)getservbyname_r.lo
(/home/harry/mipsel-linux-musl-cross/bin/../lib/gcc/mipsel-linux-musl/8.3.0/../../../../mipsel-linux-musl/lib/libc.a)getservbyport.lo
(/home/harry/mipsel-linux-musl-cross/bin/../lib/gcc/mipsel-linux-musl/8.3.0/../../../../mipsel-linux-musl/lib/libc.a)getservbyport_r.lo
(/home/harry/mipsel-linux-musl-cross/bin/../lib/gcc/mipsel-linux-musl/8.3.0/../../../../mipsel-linux-musl/lib/libc.a)getsockname.lo
(/home/harry/mipsel-linux-musl-cross/bin/../lib/gcc/mipsel-linux-musl/8.3.0/../../../../mipsel-linux-musl/lib/libc.a)getsockopt.lo
(/home/harry/mipsel-linux-musl-cross/bin/../lib/gcc/mipsel-linux-musl/8.3.0/../../../../mipsel-linux-musl/lib/libc.a)h_errno.lo
(/home/harry/mipsel-linux-musl-cross/bin/../lib/gcc/mipsel-linux-musl/8.3.0/../../../../mipsel-linux-musl/lib/libc.a)hstrerror.lo
(/home/harry/mipsel-linux-musl-cross/bin/../lib/gcc/mipsel-linux-musl/8.3.0/../../../../mipsel-linux-musl/lib/libc.a)htonl.lo
(/home/harry/mipsel-linux-musl-cross/bin/../lib/gcc/mipsel-linux-musl/8.3.0/../../../../mipsel-linux-musl/lib/libc.a)htons.lo
(/home/harry/mipsel-linux-musl-cross/bin/../lib/gcc/mipsel-linux-musl/8.3.0/../../../../mipsel-linux-musl/lib/libc.a)if_indextoname.lo
(/home/harry/mipsel-linux-musl-cross/bin/../lib/gcc/mipsel-linux-musl/8.3.0/../../../../mipsel-linux-musl/lib/libc.a)if_nametoindex.lo
(/home/harry/mipsel-linux-musl-cross/bin/../lib/gcc/mipsel-linux-musl/8.3.0/../../../../mipsel-linux-musl/lib/libc.a)inet_addr.lo
(/home/harry/mipsel-linux-musl-cross/bin/../lib/gcc/mipsel-linux-musl/8.3.0/../../../../mipsel-linux-musl/lib/libc.a)inet_aton.lo
(/home/harry/mipsel-linux-musl-cross/bin/../lib/gcc/mipsel-linux-musl/8.3.0/../../../../mipsel-linux-musl/lib/libc.a)inet_ntoa.lo
(/home/harry/mipsel-linux-musl-cross/bin/../lib/gcc/mipsel-linux-musl/8.3.0/../../../../mipsel-linux-musl/lib/libc.a)inet_ntop.lo
(/home/harry/mipsel-linux-musl-cross/bin/../lib/gcc/mipsel-linux-musl/8.3.0/../../../../mipsel-linux-musl/lib/libc.a)inet_pton.lo
(/home/harry/mipsel-linux-musl-cross/bin/../lib/gcc/mipsel-linux-musl/8.3.0/../../../../mipsel-linux-musl/lib/libc.a)listen.lo
(/home/harry/mipsel-linux-musl-cross/bin/../lib/gcc/mipsel-linux-musl/8.3.0/../../../../mipsel-linux-musl/lib/libc.a)lookup_ipliteral.lo
(/home/harry/mipsel-linux-musl-cross/bin/../lib/gcc/mipsel-linux-musl/8.3.0/../../../../mipsel-linux-musl/lib/libc.a)lookup_name.lo
(/home/harry/mipsel-linux-musl-cross/bin/../lib/gcc/mipsel-linux-musl/8.3.0/../../../../mipsel-linux-musl/lib/libc.a)lookup_serv.lo
(/home/harry/mipsel-linux-musl-cross/bin/../lib/gcc/mipsel-linux-musl/8.3.0/../../../../mipsel-linux-musl/lib/libc.a)ns_parse.lo
(/home/harry/mipsel-linux-musl-cross/bin/../lib/gcc/mipsel-linux-musl/8.3.0/../../../../mipsel-linux-musl/lib/libc.a)ntohl.lo
(/home/harry/mipsel-linux-musl-cross/bin/../lib/gcc/mipsel-linux-musl/8.3.0/../../../../mipsel-linux-musl/lib/libc.a)ntohs.lo
(/home/harry/mipsel-linux-musl-cross/bin/../lib/gcc/mipsel-linux-musl/8.3.0/../../../../mipsel-linux-musl/lib/libc.a)recv.lo
(/home/harry/mipsel-linux-musl-cross/bin/../lib/gcc/mipsel-linux-musl/8.3.0/../../../../mipsel-linux-musl/lib/libc.a)recvfrom.lo
(/home/harry/mipsel-linux-musl-cross/bin/../lib/gcc/mipsel-linux-musl/8.3.0/../../../../mipsel-linux-musl/lib/libc.a)recvmsg.lo
(/home/harry/mipsel-linux-musl-cross/bin/../lib/gcc/mipsel-linux-musl/8.3.0/../../../../mipsel-linux-musl/lib/libc.a)res_mkquery.lo
(/home/harry/mipsel-linux-musl-cross/bin/../lib/gcc/mipsel-linux-musl/8.3.0/../../../../mipsel-linux-musl/lib/libc.a)res_msend.lo
(/home/harry/mipsel-linux-musl-cross/bin/../lib/gcc/mipsel-linux-musl/8.3.0/../../../../mipsel-linux-musl/lib/libc.a)res_send.lo
(/home/harry/mipsel-linux-musl-cross/bin/../lib/gcc/mipsel-linux-musl/8.3.0/../../../../mipsel-linux-musl/lib/libc.a)resolvconf.lo
(/home/harry/mipsel-linux-musl-cross/bin/../lib/gcc/mipsel-linux-musl/8.3.0/../../../../mipsel-linux-musl/lib/libc.a)send.lo
(/home/harry/mipsel-linux-musl-cross/bin/../lib/gcc/mipsel-linux-musl/8.3.0/../../../../mipsel-linux-musl/lib/libc.a)sendmsg.lo
(/home/harry/mipsel-linux-musl-cross/bin/../lib/gcc/mipsel-linux-musl/8.3.0/../../../../mipsel-linux-musl/lib/libc.a)sendto.lo
(/home/harry/mipsel-linux-musl-cross/bin/../lib/gcc/mipsel-linux-musl/8.3.0/../../../../mipsel-linux-musl/lib/libc.a)setsockopt.lo
(/home/harry/mipsel-linux-musl-cross/bin/../lib/gcc/mipsel-linux-musl/8.3.0/../../../../mipsel-linux-musl/lib/libc.a)shutdown.lo
(/home/harry/mipsel-linux-musl-cross/bin/../lib/gcc/mipsel-linux-musl/8.3.0/../../../../mipsel-linux-musl/lib/libc.a)socket.lo
(/home/harry/mipsel-linux-musl-cross/bin/../lib/gcc/mipsel-linux-musl/8.3.0/../../../../mipsel-linux-musl/lib/libc.a)socketpair.lo
(/home/harry/mipsel-linux-musl-cross/bin/../lib/gcc/mipsel-linux-musl/8.3.0/../../../../mipsel-linux-musl/lib/libc.a)getgrent.lo
(/home/harry/mipsel-linux-musl-cross/bin/../lib/gcc/mipsel-linux-musl/8.3.0/../../../../mipsel-linux-musl/lib/libc.a)getgrent_a.lo
(/home/harry/mipsel-linux-musl-cross/bin/../lib/gcc/mipsel-linux-musl/8.3.0/../../../../mipsel-linux-musl/lib/libc.a)getgrouplist.lo
(/home/harry/mipsel-linux-musl-cross/bin/../lib/gcc/mipsel-linux-musl/8.3.0/../../../../mipsel-linux-musl/lib/libc.a)getpwent.lo
(/home/harry/mipsel-linux-musl-cross/bin/../lib/gcc/mipsel-linux-musl/8.3.0/../../../../mipsel-linux-musl/lib/libc.a)getpwent_a.lo
(/home/harry/mipsel-linux-musl-cross/bin/../lib/gcc/mipsel-linux-musl/8.3.0/../../../../mipsel-linux-musl/lib/libc.a)nscd_query.lo
(/home/harry/mipsel-linux-musl-cross/bin/../lib/gcc/mipsel-linux-musl/8.3.0/../../../../mipsel-linux-musl/lib/libc.a)rand.lo
(/home/harry/mipsel-linux-musl-cross/bin/../lib/gcc/mipsel-linux-musl/8.3.0/../../../../mipsel-linux-musl/lib/libc.a)execl.lo
(/home/harry/mipsel-linux-musl-cross/bin/../lib/gcc/mipsel-linux-musl/8.3.0/../../../../mipsel-linux-musl/lib/libc.a)execle.lo
(/home/harry/mipsel-linux-musl-cross/bin/../lib/gcc/mipsel-linux-musl/8.3.0/../../../../mipsel-linux-musl/lib/libc.a)execlp.lo
(/home/harry/mipsel-linux-musl-cross/bin/../lib/gcc/mipsel-linux-musl/8.3.0/../../../../mipsel-linux-musl/lib/libc.a)execv.lo
(/home/harry/mipsel-linux-musl-cross/bin/../lib/gcc/mipsel-linux-musl/8.3.0/../../../../mipsel-linux-musl/lib/libc.a)execve.lo
(/home/harry/mipsel-linux-musl-cross/bin/../lib/gcc/mipsel-linux-musl/8.3.0/../../../../mipsel-linux-musl/lib/libc.a)execvp.lo
(/home/harry/mipsel-linux-musl-cross/bin/../lib/gcc/mipsel-linux-musl/8.3.0/../../../../mipsel-linux-musl/lib/libc.a)fork.lo
(/home/harry/mipsel-linux-musl-cross/bin/../lib/gcc/mipsel-linux-musl/8.3.0/../../../../mipsel-linux-musl/lib/libc.a)system.lo
(/home/harry/mipsel-linux-musl-cross/bin/../lib/gcc/mipsel-linux-musl/8.3.0/../../../../mipsel-linux-musl/lib/libc.a)vfork.lo
(/home/harry/mipsel-linux-musl-cross/bin/../lib/gcc/mipsel-linux-musl/8.3.0/../../../../mipsel-linux-musl/lib/libc.a)wait.lo
(/home/harry/mipsel-linux-musl-cross/bin/../lib/gcc/mipsel-linux-musl/8.3.0/../../../../mipsel-linux-musl/lib/libc.a)waitpid.lo
(/home/harry/mipsel-linux-musl-cross/bin/../lib/gcc/mipsel-linux-musl/8.3.0/../../../../mipsel-linux-musl/lib/libc.a)fnmatch.lo
(/home/harry/mipsel-linux-musl-cross/bin/../lib/gcc/mipsel-linux-musl/8.3.0/../../../../mipsel-linux-musl/lib/libc.a)glob.lo
(/home/harry/mipsel-linux-musl-cross/bin/../lib/gcc/mipsel-linux-musl/8.3.0/../../../../mipsel-linux-musl/lib/libc.a)regcomp.lo
(/home/harry/mipsel-linux-musl-cross/bin/../lib/gcc/mipsel-linux-musl/8.3.0/../../../../mipsel-linux-musl/lib/libc.a)regerror.lo
(/home/harry/mipsel-linux-musl-cross/bin/../lib/gcc/mipsel-linux-musl/8.3.0/../../../../mipsel-linux-musl/lib/libc.a)regexec.lo
(/home/harry/mipsel-linux-musl-cross/bin/../lib/gcc/mipsel-linux-musl/8.3.0/../../../../mipsel-linux-musl/lib/libc.a)tre-mem.lo
(/home/harry/mipsel-linux-musl-cross/bin/../lib/gcc/mipsel-linux-musl/8.3.0/../../../../mipsel-linux-musl/lib/libc.a)affinity.lo
(/home/harry/mipsel-linux-musl-cross/bin/../lib/gcc/mipsel-linux-musl/8.3.0/../../../../mipsel-linux-musl/lib/libc.a)sched_yield.lo
(/home/harry/mipsel-linux-musl-cross/bin/../lib/gcc/mipsel-linux-musl/8.3.0/../../../../mipsel-linux-musl/lib/libc.a)poll.lo
(/home/harry/mipsel-linux-musl-cross/bin/../lib/gcc/mipsel-linux-musl/8.3.0/../../../../mipsel-linux-musl/lib/libc.a)select.lo
(/home/harry/mipsel-linux-musl-cross/bin/../lib/gcc/mipsel-linux-musl/8.3.0/../../../../mipsel-linux-musl/lib/libc.a)longjmp.lo
(/home/harry/mipsel-linux-musl-cross/bin/../lib/gcc/mipsel-linux-musl/8.3.0/../../../../mipsel-linux-musl/lib/libc.a)setjmp.lo
(/home/harry/mipsel-linux-musl-cross/bin/../lib/gcc/mipsel-linux-musl/8.3.0/../../../../mipsel-linux-musl/lib/libc.a)block.lo
(/home/harry/mipsel-linux-musl-cross/bin/../lib/gcc/mipsel-linux-musl/8.3.0/../../../../mipsel-linux-musl/lib/libc.a)kill.lo
(/home/harry/mipsel-linux-musl-cross/bin/../lib/gcc/mipsel-linux-musl/8.3.0/../../../../mipsel-linux-musl/lib/libc.a)killpg.lo
(/home/harry/mipsel-linux-musl-cross/bin/../lib/gcc/mipsel-linux-musl/8.3.0/../../../../mipsel-linux-musl/lib/libc.a)sigsetjmp.lo
(/home/harry/mipsel-linux-musl-cross/bin/../lib/gcc/mipsel-linux-musl/8.3.0/../../../../mipsel-linux-musl/lib/libc.a)raise.lo
(/home/harry/mipsel-linux-musl-cross/bin/../lib/gcc/mipsel-linux-musl/8.3.0/../../../../mipsel-linux-musl/lib/libc.a)setitimer.lo
(/home/harry/mipsel-linux-musl-cross/bin/../lib/gcc/mipsel-linux-musl/8.3.0/../../../../mipsel-linux-musl/lib/libc.a)sigaction.lo
(/home/harry/mipsel-linux-musl-cross/bin/../lib/gcc/mipsel-linux-musl/8.3.0/../../../../mipsel-linux-musl/lib/libc.a)sigaddset.lo
(/home/harry/mipsel-linux-musl-cross/bin/../lib/gcc/mipsel-linux-musl/8.3.0/../../../../mipsel-linux-musl/lib/libc.a)sigdelset.lo
(/home/harry/mipsel-linux-musl-cross/bin/../lib/gcc/mipsel-linux-musl/8.3.0/../../../../mipsel-linux-musl/lib/libc.a)sigemptyset.lo
(/home/harry/mipsel-linux-musl-cross/bin/../lib/gcc/mipsel-linux-musl/8.3.0/../../../../mipsel-linux-musl/lib/libc.a)sigfillset.lo
(/home/harry/mipsel-linux-musl-cross/bin/../lib/gcc/mipsel-linux-musl/8.3.0/../../../../mipsel-linux-musl/lib/libc.a)sigisemptyset.lo
(/home/harry/mipsel-linux-musl-cross/bin/../lib/gcc/mipsel-linux-musl/8.3.0/../../../../mipsel-linux-musl/lib/libc.a)sigismember.lo
(/home/harry/mipsel-linux-musl-cross/bin/../lib/gcc/mipsel-linux-musl/8.3.0/../../../../mipsel-linux-musl/lib/libc.a)siglongjmp.lo
(/home/harry/mipsel-linux-musl-cross/bin/../lib/gcc/mipsel-linux-musl/8.3.0/../../../../mipsel-linux-musl/lib/libc.a)signal.lo
(/home/harry/mipsel-linux-musl-cross/bin/../lib/gcc/mipsel-linux-musl/8.3.0/../../../../mipsel-linux-musl/lib/libc.a)sigprocmask.lo
(/home/harry/mipsel-linux-musl-cross/bin/../lib/gcc/mipsel-linux-musl/8.3.0/../../../../mipsel-linux-musl/lib/libc.a)sigrtmax.lo
(/home/harry/mipsel-linux-musl-cross/bin/../lib/gcc/mipsel-linux-musl/8.3.0/../../../../mipsel-linux-musl/lib/libc.a)sigrtmin.lo
(/home/harry/mipsel-linux-musl-cross/bin/../lib/gcc/mipsel-linux-musl/8.3.0/../../../../mipsel-linux-musl/lib/libc.a)sigsetjmp_tail.lo
(/home/harry/mipsel-linux-musl-cross/bin/../lib/gcc/mipsel-linux-musl/8.3.0/../../../../mipsel-linux-musl/lib/libc.a)sigsuspend.lo
(/home/harry/mipsel-linux-musl-cross/bin/../lib/gcc/mipsel-linux-musl/8.3.0/../../../../mipsel-linux-musl/lib/libc.a)chmod.lo
(/home/harry/mipsel-linux-musl-cross/bin/../lib/gcc/mipsel-linux-musl/8.3.0/../../../../mipsel-linux-musl/lib/libc.a)fchmod.lo
(/home/harry/mipsel-linux-musl-cross/bin/../lib/gcc/mipsel-linux-musl/8.3.0/../../../../mipsel-linux-musl/lib/libc.a)fstat.lo
(/home/harry/mipsel-linux-musl-cross/bin/../lib/gcc/mipsel-linux-musl/8.3.0/../../../../mipsel-linux-musl/lib/libc.a)futimesat.lo
(/home/harry/mipsel-linux-musl-cross/bin/../lib/gcc/mipsel-linux-musl/8.3.0/../../../../mipsel-linux-musl/lib/libc.a)lstat.lo
(/home/harry/mipsel-linux-musl-cross/bin/../lib/gcc/mipsel-linux-musl/8.3.0/../../../../mipsel-linux-musl/lib/libc.a)mkdir.lo
(/home/harry/mipsel-linux-musl-cross/bin/../lib/gcc/mipsel-linux-musl/8.3.0/../../../../mipsel-linux-musl/lib/libc.a)mkfifo.lo
(/home/harry/mipsel-linux-musl-cross/bin/../lib/gcc/mipsel-linux-musl/8.3.0/../../../../mipsel-linux-musl/lib/libc.a)mknod.lo
(/home/harry/mipsel-linux-musl-cross/bin/../lib/gcc/mipsel-linux-musl/8.3.0/../../../../mipsel-linux-musl/lib/libc.a)stat.lo
(/home/harry/mipsel-linux-musl-cross/bin/../lib/gcc/mipsel-linux-musl/8.3.0/../../../../mipsel-linux-musl/lib/libc.a)statvfs.lo
(/home/harry/mipsel-linux-musl-cross/bin/../lib/gcc/mipsel-linux-musl/8.3.0/../../../../mipsel-linux-musl/lib/libc.a)umask.lo
(/home/harry/mipsel-linux-musl-cross/bin/../lib/gcc/mipsel-linux-musl/8.3.0/../../../../mipsel-linux-musl/lib/libc.a)utimensat.lo
(/home/harry/mipsel-linux-musl-cross/bin/../lib/gcc/mipsel-linux-musl/8.3.0/../../../../mipsel-linux-musl/lib/libc.a)__fclose_ca.lo
(/home/harry/mipsel-linux-musl-cross/bin/../lib/gcc/mipsel-linux-musl/8.3.0/../../../../mipsel-linux-musl/lib/libc.a)__fdopen.lo
(/home/harry/mipsel-linux-musl-cross/bin/../lib/gcc/mipsel-linux-musl/8.3.0/../../../../mipsel-linux-musl/lib/libc.a)__fopen_rb_ca.lo
(/home/harry/mipsel-linux-musl-cross/bin/../lib/gcc/mipsel-linux-musl/8.3.0/../../../../mipsel-linux-musl/lib/libc.a)__lockfile.lo
(/home/harry/mipsel-linux-musl-cross/bin/../lib/gcc/mipsel-linux-musl/8.3.0/../../../../mipsel-linux-musl/lib/libc.a)__stdio_close.lo
(/home/harry/mipsel-linux-musl-cross/bin/../lib/gcc/mipsel-linux-musl/8.3.0/../../../../mipsel-linux-musl/lib/libc.a)__stdio_read.lo
(/home/harry/mipsel-linux-musl-cross/bin/../lib/gcc/mipsel-linux-musl/8.3.0/../../../../mipsel-linux-musl/lib/libc.a)__stdio_seek.lo
(/home/harry/mipsel-linux-musl-cross/bin/../lib/gcc/mipsel-linux-musl/8.3.0/../../../../mipsel-linux-musl/lib/libc.a)__stdio_write.lo
(/home/harry/mipsel-linux-musl-cross/bin/../lib/gcc/mipsel-linux-musl/8.3.0/../../../../mipsel-linux-musl/lib/libc.a)clearerr.lo
(/home/harry/mipsel-linux-musl-cross/bin/../lib/gcc/mipsel-linux-musl/8.3.0/../../../../mipsel-linux-musl/lib/libc.a)dprintf.lo
(/home/harry/mipsel-linux-musl-cross/bin/../lib/gcc/mipsel-linux-musl/8.3.0/../../../../mipsel-linux-musl/lib/libc.a)fclose.lo
(/home/harry/mipsel-linux-musl-cross/bin/../lib/gcc/mipsel-linux-musl/8.3.0/../../../../mipsel-linux-musl/lib/libc.a)feof.lo
(/home/harry/mipsel-linux-musl-cross/bin/../lib/gcc/mipsel-linux-musl/8.3.0/../../../../mipsel-linux-musl/lib/libc.a)ferror.lo
(/home/harry/mipsel-linux-musl-cross/bin/../lib/gcc/mipsel-linux-musl/8.3.0/../../../../mipsel-linux-musl/lib/libc.a)fflush.lo
(/home/harry/mipsel-linux-musl-cross/bin/../lib/gcc/mipsel-linux-musl/8.3.0/../../../../mipsel-linux-musl/lib/libc.a)fgets.lo
(/home/harry/mipsel-linux-musl-cross/bin/../lib/gcc/mipsel-linux-musl/8.3.0/../../../../mipsel-linux-musl/lib/libc.a)fileno.lo
(/home/harry/mipsel-linux-musl-cross/bin/../lib/gcc/mipsel-linux-musl/8.3.0/../../../../mipsel-linux-musl/lib/libc.a)fopen.lo
(/home/harry/mipsel-linux-musl-cross/bin/../lib/gcc/mipsel-linux-musl/8.3.0/../../../../mipsel-linux-musl/lib/libc.a)fprintf.lo
(/home/harry/mipsel-linux-musl-cross/bin/../lib/gcc/mipsel-linux-musl/8.3.0/../../../../mipsel-linux-musl/lib/libc.a)fputs.lo
(/home/harry/mipsel-linux-musl-cross/bin/../lib/gcc/mipsel-linux-musl/8.3.0/../../../../mipsel-linux-musl/lib/libc.a)fread.lo
(/home/harry/mipsel-linux-musl-cross/bin/../lib/gcc/mipsel-linux-musl/8.3.0/../../../../mipsel-linux-musl/lib/libc.a)freopen.lo
(/home/harry/mipsel-linux-musl-cross/bin/../lib/gcc/mipsel-linux-musl/8.3.0/../../../../mipsel-linux-musl/lib/libc.a)fscanf.lo
(/home/harry/mipsel-linux-musl-cross/bin/../lib/gcc/mipsel-linux-musl/8.3.0/../../../../mipsel-linux-musl/lib/libc.a)fseek.lo
(/home/harry/mipsel-linux-musl-cross/bin/../lib/gcc/mipsel-linux-musl/8.3.0/../../../../mipsel-linux-musl/lib/libc.a)fwrite.lo
(/home/harry/mipsel-linux-musl-cross/bin/../lib/gcc/mipsel-linux-musl/8.3.0/../../../../mipsel-linux-musl/lib/libc.a)getc.lo
(/home/harry/mipsel-linux-musl-cross/bin/../lib/gcc/mipsel-linux-musl/8.3.0/../../../../mipsel-linux-musl/lib/libc.a)getc_unlocked.lo
(/home/harry/mipsel-linux-musl-cross/bin/../lib/gcc/mipsel-linux-musl/8.3.0/../../../../mipsel-linux-musl/lib/libc.a)getchar_unlocked.lo
(/home/harry/mipsel-linux-musl-cross/bin/../lib/gcc/mipsel-linux-musl/8.3.0/../../../../mipsel-linux-musl/lib/libc.a)getline.lo
(/home/harry/mipsel-linux-musl-cross/bin/../lib/gcc/mipsel-linux-musl/8.3.0/../../../../mipsel-linux-musl/lib/libc.a)ofl.lo
(/home/harry/mipsel-linux-musl-cross/bin/../lib/gcc/mipsel-linux-musl/8.3.0/../../../../mipsel-linux-musl/lib/libc.a)ofl_add.lo
(/home/harry/mipsel-linux-musl-cross/bin/../lib/gcc/mipsel-linux-musl/8.3.0/../../../../mipsel-linux-musl/lib/libc.a)pclose.lo
(/home/harry/mipsel-linux-musl-cross/bin/../lib/gcc/mipsel-linux-musl/8.3.0/../../../../mipsel-linux-musl/lib/libc.a)popen.lo
(/home/harry/mipsel-linux-musl-cross/bin/../lib/gcc/mipsel-linux-musl/8.3.0/../../../../mipsel-linux-musl/lib/libc.a)printf.lo
(/home/harry/mipsel-linux-musl-cross/bin/../lib/gcc/mipsel-linux-musl/8.3.0/../../../../mipsel-linux-musl/lib/libc.a)putc.lo
(/home/harry/mipsel-linux-musl-cross/bin/../lib/gcc/mipsel-linux-musl/8.3.0/../../../../mipsel-linux-musl/lib/libc.a)putc_unlocked.lo
(/home/harry/mipsel-linux-musl-cross/bin/../lib/gcc/mipsel-linux-musl/8.3.0/../../../../mipsel-linux-musl/lib/libc.a)putchar_unlocked.lo
(/home/harry/mipsel-linux-musl-cross/bin/../lib/gcc/mipsel-linux-musl/8.3.0/../../../../mipsel-linux-musl/lib/libc.a)puts.lo
(/home/harry/mipsel-linux-musl-cross/bin/../lib/gcc/mipsel-linux-musl/8.3.0/../../../../mipsel-linux-musl/lib/libc.a)rename.lo
(/home/harry/mipsel-linux-musl-cross/bin/../lib/gcc/mipsel-linux-musl/8.3.0/../../../../mipsel-linux-musl/lib/libc.a)setbuf.lo
(/home/harry/mipsel-linux-musl-cross/bin/../lib/gcc/mipsel-linux-musl/8.3.0/../../../../mipsel-linux-musl/lib/libc.a)setvbuf.lo
(/home/harry/mipsel-linux-musl-cross/bin/../lib/gcc/mipsel-linux-musl/8.3.0/../../../../mipsel-linux-musl/lib/libc.a)snprintf.lo
(/home/harry/mipsel-linux-musl-cross/bin/../lib/gcc/mipsel-linux-musl/8.3.0/../../../../mipsel-linux-musl/lib/libc.a)sprintf.lo
(/home/harry/mipsel-linux-musl-cross/bin/../lib/gcc/mipsel-linux-musl/8.3.0/../../../../mipsel-linux-musl/lib/libc.a)sscanf.lo
(/home/harry/mipsel-linux-musl-cross/bin/../lib/gcc/mipsel-linux-musl/8.3.0/../../../../mipsel-linux-musl/lib/libc.a)stderr.lo
(/home/harry/mipsel-linux-musl-cross/bin/../lib/gcc/mipsel-linux-musl/8.3.0/../../../../mipsel-linux-musl/lib/libc.a)stdin.lo
(/home/harry/mipsel-linux-musl-cross/bin/../lib/gcc/mipsel-linux-musl/8.3.0/../../../../mipsel-linux-musl/lib/libc.a)stdout.lo
(/home/harry/mipsel-linux-musl-cross/bin/../lib/gcc/mipsel-linux-musl/8.3.0/../../../../mipsel-linux-musl/lib/libc.a)ungetc.lo
(/home/harry/mipsel-linux-musl-cross/bin/../lib/gcc/mipsel-linux-musl/8.3.0/../../../../mipsel-linux-musl/lib/libc.a)vasprintf.lo
(/home/harry/mipsel-linux-musl-cross/bin/../lib/gcc/mipsel-linux-musl/8.3.0/../../../../mipsel-linux-musl/lib/libc.a)vdprintf.lo
(/home/harry/mipsel-linux-musl-cross/bin/../lib/gcc/mipsel-linux-musl/8.3.0/../../../../mipsel-linux-musl/lib/libc.a)vfprintf.lo
(/home/harry/mipsel-linux-musl-cross/bin/../lib/gcc/mipsel-linux-musl/8.3.0/../../../../mipsel-linux-musl/lib/libc.a)vfscanf.lo
(/home/harry/mipsel-linux-musl-cross/bin/../lib/gcc/mipsel-linux-musl/8.3.0/../../../../mipsel-linux-musl/lib/libc.a)vprintf.lo
(/home/harry/mipsel-linux-musl-cross/bin/../lib/gcc/mipsel-linux-musl/8.3.0/../../../../mipsel-linux-musl/lib/libc.a)vsnprintf.lo
(/home/harry/mipsel-linux-musl-cross/bin/../lib/gcc/mipsel-linux-musl/8.3.0/../../../../mipsel-linux-musl/lib/libc.a)vsprintf.lo
(/home/harry/mipsel-linux-musl-cross/bin/../lib/gcc/mipsel-linux-musl/8.3.0/../../../../mipsel-linux-musl/lib/libc.a)vsscanf.lo
(/home/harry/mipsel-linux-musl-cross/bin/../lib/gcc/mipsel-linux-musl/8.3.0/../../../../mipsel-linux-musl/lib/libc.a)atof.lo
(/home/harry/mipsel-linux-musl-cross/bin/../lib/gcc/mipsel-linux-musl/8.3.0/../../../../mipsel-linux-musl/lib/libc.a)atoi.lo
(/home/harry/mipsel-linux-musl-cross/bin/../lib/gcc/mipsel-linux-musl/8.3.0/../../../../mipsel-linux-musl/lib/libc.a)bsearch.lo
(/home/harry/mipsel-linux-musl-cross/bin/../lib/gcc/mipsel-linux-musl/8.3.0/../../../../mipsel-linux-musl/lib/libc.a)div.lo
(/home/harry/mipsel-linux-musl-cross/bin/../lib/gcc/mipsel-linux-musl/8.3.0/../../../../mipsel-linux-musl/lib/libc.a)qsort.lo
(/home/harry/mipsel-linux-musl-cross/bin/../lib/gcc/mipsel-linux-musl/8.3.0/../../../../mipsel-linux-musl/lib/libc.a)strtod.lo
(/home/harry/mipsel-linux-musl-cross/bin/../lib/gcc/mipsel-linux-musl/8.3.0/../../../../mipsel-linux-musl/lib/libc.a)strtol.lo
(/home/harry/mipsel-linux-musl-cross/bin/../lib/gcc/mipsel-linux-musl/8.3.0/../../../../mipsel-linux-musl/lib/libc.a)memchr.lo
(/home/harry/mipsel-linux-musl-cross/bin/../lib/gcc/mipsel-linux-musl/8.3.0/../../../../mipsel-linux-musl/lib/libc.a)memcmp.lo
(/home/harry/mipsel-linux-musl-cross/bin/../lib/gcc/mipsel-linux-musl/8.3.0/../../../../mipsel-linux-musl/lib/libc.a)memcpy.lo
(/home/harry/mipsel-linux-musl-cross/bin/../lib/gcc/mipsel-linux-musl/8.3.0/../../../../mipsel-linux-musl/lib/libc.a)memmove.lo
(/home/harry/mipsel-linux-musl-cross/bin/../lib/gcc/mipsel-linux-musl/8.3.0/../../../../mipsel-linux-musl/lib/libc.a)mempcpy.lo
(/home/harry/mipsel-linux-musl-cross/bin/../lib/gcc/mipsel-linux-musl/8.3.0/../../../../mipsel-linux-musl/lib/libc.a)memrchr.lo
(/home/harry/mipsel-linux-musl-cross/bin/../lib/gcc/mipsel-linux-musl/8.3.0/../../../../mipsel-linux-musl/lib/libc.a)memset.lo
(/home/harry/mipsel-linux-musl-cross/bin/../lib/gcc/mipsel-linux-musl/8.3.0/../../../../mipsel-linux-musl/lib/libc.a)stpcpy.lo
(/home/harry/mipsel-linux-musl-cross/bin/../lib/gcc/mipsel-linux-musl/8.3.0/../../../../mipsel-linux-musl/lib/libc.a)strcasecmp.lo
(/home/harry/mipsel-linux-musl-cross/bin/../lib/gcc/mipsel-linux-musl/8.3.0/../../../../mipsel-linux-musl/lib/libc.a)strcasestr.lo
(/home/harry/mipsel-linux-musl-cross/bin/../lib/gcc/mipsel-linux-musl/8.3.0/../../../../mipsel-linux-musl/lib/libc.a)strcat.lo
(/home/harry/mipsel-linux-musl-cross/bin/../lib/gcc/mipsel-linux-musl/8.3.0/../../../../mipsel-linux-musl/lib/libc.a)strchr.lo
(/home/harry/mipsel-linux-musl-cross/bin/../lib/gcc/mipsel-linux-musl/8.3.0/../../../../mipsel-linux-musl/lib/libc.a)strchrnul.lo
(/home/harry/mipsel-linux-musl-cross/bin/../lib/gcc/mipsel-linux-musl/8.3.0/../../../../mipsel-linux-musl/lib/libc.a)strcmp.lo
(/home/harry/mipsel-linux-musl-cross/bin/../lib/gcc/mipsel-linux-musl/8.3.0/../../../../mipsel-linux-musl/lib/libc.a)strcpy.lo
(/home/harry/mipsel-linux-musl-cross/bin/../lib/gcc/mipsel-linux-musl/8.3.0/../../../../mipsel-linux-musl/lib/libc.a)strcspn.lo
(/home/harry/mipsel-linux-musl-cross/bin/../lib/gcc/mipsel-linux-musl/8.3.0/../../../../mipsel-linux-musl/lib/libc.a)strdup.lo
(/home/harry/mipsel-linux-musl-cross/bin/../lib/gcc/mipsel-linux-musl/8.3.0/../../../../mipsel-linux-musl/lib/libc.a)strlen.lo
(/home/harry/mipsel-linux-musl-cross/bin/../lib/gcc/mipsel-linux-musl/8.3.0/../../../../mipsel-linux-musl/lib/libc.a)strncasecmp.lo
(/home/harry/mipsel-linux-musl-cross/bin/../lib/gcc/mipsel-linux-musl/8.3.0/../../../../mipsel-linux-musl/lib/libc.a)strncmp.lo
(/home/harry/mipsel-linux-musl-cross/bin/../lib/gcc/mipsel-linux-musl/8.3.0/../../../../mipsel-linux-musl/lib/libc.a)strncpy.lo
(/home/harry/mipsel-linux-musl-cross/bin/../lib/gcc/mipsel-linux-musl/8.3.0/../../../../mipsel-linux-musl/lib/libc.a)strnlen.lo
(/home/harry/mipsel-linux-musl-cross/bin/../lib/gcc/mipsel-linux-musl/8.3.0/../../../../mipsel-linux-musl/lib/libc.a)strpbrk.lo
(/home/harry/mipsel-linux-musl-cross/bin/../lib/gcc/mipsel-linux-musl/8.3.0/../../../../mipsel-linux-musl/lib/libc.a)strrchr.lo
(/home/harry/mipsel-linux-musl-cross/bin/../lib/gcc/mipsel-linux-musl/8.3.0/../../../../mipsel-linux-musl/lib/libc.a)strsep.lo
(/home/harry/mipsel-linux-musl-cross/bin/../lib/gcc/mipsel-linux-musl/8.3.0/../../../../mipsel-linux-musl/lib/libc.a)strsignal.lo
(/home/harry/mipsel-linux-musl-cross/bin/../lib/gcc/mipsel-linux-musl/8.3.0/../../../../mipsel-linux-musl/lib/libc.a)strspn.lo
(/home/harry/mipsel-linux-musl-cross/bin/../lib/gcc/mipsel-linux-musl/8.3.0/../../../../mipsel-linux-musl/lib/libc.a)strstr.lo
(/home/harry/mipsel-linux-musl-cross/bin/../lib/gcc/mipsel-linux-musl/8.3.0/../../../../mipsel-linux-musl/lib/libc.a)strtok.lo
(/home/harry/mipsel-linux-musl-cross/bin/../lib/gcc/mipsel-linux-musl/8.3.0/../../../../mipsel-linux-musl/lib/libc.a)strtok_r.lo
(/home/harry/mipsel-linux-musl-cross/bin/../lib/gcc/mipsel-linux-musl/8.3.0/../../../../mipsel-linux-musl/lib/libc.a)strverscmp.lo
(/home/harry/mipsel-linux-musl-cross/bin/../lib/gcc/mipsel-linux-musl/8.3.0/../../../../mipsel-linux-musl/lib/libc.a)mkdtemp.lo
(/home/harry/mipsel-linux-musl-cross/bin/../lib/gcc/mipsel-linux-musl/8.3.0/../../../../mipsel-linux-musl/lib/libc.a)mkstemp.lo
(/home/harry/mipsel-linux-musl-cross/bin/../lib/gcc/mipsel-linux-musl/8.3.0/../../../../mipsel-linux-musl/lib/libc.a)mktemp.lo
(/home/harry/mipsel-linux-musl-cross/bin/../lib/gcc/mipsel-linux-musl/8.3.0/../../../../mipsel-linux-musl/lib/libc.a)cfgetospeed.lo
(/home/harry/mipsel-linux-musl-cross/bin/../lib/gcc/mipsel-linux-musl/8.3.0/../../../../mipsel-linux-musl/lib/libc.a)cfmakeraw.lo
(/home/harry/mipsel-linux-musl-cross/bin/../lib/gcc/mipsel-linux-musl/8.3.0/../../../../mipsel-linux-musl/lib/libc.a)cfsetospeed.lo
(/home/harry/mipsel-linux-musl-cross/bin/../lib/gcc/mipsel-linux-musl/8.3.0/../../../../mipsel-linux-musl/lib/libc.a)tcflush.lo
(/home/harry/mipsel-linux-musl-cross/bin/../lib/gcc/mipsel-linux-musl/8.3.0/../../../../mipsel-linux-musl/lib/libc.a)tcgetattr.lo
(/home/harry/mipsel-linux-musl-cross/bin/../lib/gcc/mipsel-linux-musl/8.3.0/../../../../mipsel-linux-musl/lib/libc.a)tcsetattr.lo
(/home/harry/mipsel-linux-musl-cross/bin/../lib/gcc/mipsel-linux-musl/8.3.0/../../../../mipsel-linux-musl/lib/libc.a)__lock.lo
(/home/harry/mipsel-linux-musl-cross/bin/../lib/gcc/mipsel-linux-musl/8.3.0/../../../../mipsel-linux-musl/lib/libc.a)__syscall_cp.lo
(/home/harry/mipsel-linux-musl-cross/bin/../lib/gcc/mipsel-linux-musl/8.3.0/../../../../mipsel-linux-musl/lib/libc.a)__wait.lo
(/home/harry/mipsel-linux-musl-cross/bin/../lib/gcc/mipsel-linux-musl/8.3.0/../../../../mipsel-linux-musl/lib/libc.a)pthread_cleanup_push.lo
(/home/harry/mipsel-linux-musl-cross/bin/../lib/gcc/mipsel-linux-musl/8.3.0/../../../../mipsel-linux-musl/lib/libc.a)pthread_setcancelstate.lo
(/home/harry/mipsel-linux-musl-cross/bin/../lib/gcc/mipsel-linux-musl/8.3.0/../../../../mipsel-linux-musl/lib/libc.a)pthread_sigmask.lo
(/home/harry/mipsel-linux-musl-cross/bin/../lib/gcc/mipsel-linux-musl/8.3.0/../../../../mipsel-linux-musl/lib/libc.a)pthread_testcancel.lo
(/home/harry/mipsel-linux-musl-cross/bin/../lib/gcc/mipsel-linux-musl/8.3.0/../../../../mipsel-linux-musl/lib/libc.a)synccall.lo
(/home/harry/mipsel-linux-musl-cross/bin/../lib/gcc/mipsel-linux-musl/8.3.0/../../../../mipsel-linux-musl/lib/libc.a)clock_gettime.lo
(/home/harry/mipsel-linux-musl-cross/bin/../lib/gcc/mipsel-linux-musl/8.3.0/../../../../mipsel-linux-musl/lib/libc.a)ctime.lo
(/home/harry/mipsel-linux-musl-cross/bin/../lib/gcc/mipsel-linux-musl/8.3.0/../../../../mipsel-linux-musl/lib/libc.a)gettimeofday.lo
(/home/harry/mipsel-linux-musl-cross/bin/../lib/gcc/mipsel-linux-musl/8.3.0/../../../../mipsel-linux-musl/lib/libc.a)gmtime_r.lo
(/home/harry/mipsel-linux-musl-cross/bin/../lib/gcc/mipsel-linux-musl/8.3.0/../../../../mipsel-linux-musl/lib/libc.a)localtime.lo
(/home/harry/mipsel-linux-musl-cross/bin/../lib/gcc/mipsel-linux-musl/8.3.0/../../../../mipsel-linux-musl/lib/libc.a)localtime_r.lo
(/home/harry/mipsel-linux-musl-cross/bin/../lib/gcc/mipsel-linux-musl/8.3.0/../../../../mipsel-linux-musl/lib/libc.a)mktime.lo
(/home/harry/mipsel-linux-musl-cross/bin/../lib/gcc/mipsel-linux-musl/8.3.0/../../../../mipsel-linux-musl/lib/libc.a)nanosleep.lo
(/home/harry/mipsel-linux-musl-cross/bin/../lib/gcc/mipsel-linux-musl/8.3.0/../../../../mipsel-linux-musl/lib/libc.a)strftime.lo
(/home/harry/mipsel-linux-musl-cross/bin/../lib/gcc/mipsel-linux-musl/8.3.0/../../../../mipsel-linux-musl/lib/libc.a)strptime.lo
(/home/harry/mipsel-linux-musl-cross/bin/../lib/gcc/mipsel-linux-musl/8.3.0/../../../../mipsel-linux-musl/lib/libc.a)time.lo
(/home/harry/mipsel-linux-musl-cross/bin/../lib/gcc/mipsel-linux-musl/8.3.0/../../../../mipsel-linux-musl/lib/libc.a)times.lo
(/home/harry/mipsel-linux-musl-cross/bin/../lib/gcc/mipsel-linux-musl/8.3.0/../../../../mipsel-linux-musl/lib/libc.a)_exit.lo
(/home/harry/mipsel-linux-musl-cross/bin/../lib/gcc/mipsel-linux-musl/8.3.0/../../../../mipsel-linux-musl/lib/libc.a)access.lo
(/home/harry/mipsel-linux-musl-cross/bin/../lib/gcc/mipsel-linux-musl/8.3.0/../../../../mipsel-linux-musl/lib/libc.a)alarm.lo
(/home/harry/mipsel-linux-musl-cross/bin/../lib/gcc/mipsel-linux-musl/8.3.0/../../../../mipsel-linux-musl/lib/libc.a)chdir.lo
(/home/harry/mipsel-linux-musl-cross/bin/../lib/gcc/mipsel-linux-musl/8.3.0/../../../../mipsel-linux-musl/lib/libc.a)chown.lo
(/home/harry/mipsel-linux-musl-cross/bin/../lib/gcc/mipsel-linux-musl/8.3.0/../../../../mipsel-linux-musl/lib/libc.a)close.lo
(/home/harry/mipsel-linux-musl-cross/bin/../lib/gcc/mipsel-linux-musl/8.3.0/../../../../mipsel-linux-musl/lib/libc.a)dup.lo
(/home/harry/mipsel-linux-musl-cross/bin/../lib/gcc/mipsel-linux-musl/8.3.0/../../../../mipsel-linux-musl/lib/libc.a)dup2.lo
(/home/harry/mipsel-linux-musl-cross/bin/../lib/gcc/mipsel-linux-musl/8.3.0/../../../../mipsel-linux-musl/lib/libc.a)dup3.lo
(/home/harry/mipsel-linux-musl-cross/bin/../lib/gcc/mipsel-linux-musl/8.3.0/../../../../mipsel-linux-musl/lib/libc.a)fchdir.lo
(/home/harry/mipsel-linux-musl-cross/bin/../lib/gcc/mipsel-linux-musl/8.3.0/../../../../mipsel-linux-musl/lib/libc.a)fchown.lo
(/home/harry/mipsel-linux-musl-cross/bin/../lib/gcc/mipsel-linux-musl/8.3.0/../../../../mipsel-linux-musl/lib/libc.a)fdatasync.lo
(/home/harry/mipsel-linux-musl-cross/bin/../lib/gcc/mipsel-linux-musl/8.3.0/../../../../mipsel-linux-musl/lib/libc.a)fsync.lo
(/home/harry/mipsel-linux-musl-cross/bin/../lib/gcc/mipsel-linux-musl/8.3.0/../../../../mipsel-linux-musl/lib/libc.a)ftruncate.lo
(/home/harry/mipsel-linux-musl-cross/bin/../lib/gcc/mipsel-linux-musl/8.3.0/../../../../mipsel-linux-musl/lib/libc.a)getcwd.lo
(/home/harry/mipsel-linux-musl-cross/bin/../lib/gcc/mipsel-linux-musl/8.3.0/../../../../mipsel-linux-musl/lib/libc.a)getegid.lo
(/home/harry/mipsel-linux-musl-cross/bin/../lib/gcc/mipsel-linux-musl/8.3.0/../../../../mipsel-linux-musl/lib/libc.a)geteuid.lo
(/home/harry/mipsel-linux-musl-cross/bin/../lib/gcc/mipsel-linux-musl/8.3.0/../../../../mipsel-linux-musl/lib/libc.a)getgid.lo
(/home/harry/mipsel-linux-musl-cross/bin/../lib/gcc/mipsel-linux-musl/8.3.0/../../../../mipsel-linux-musl/lib/libc.a)getgroups.lo
(/home/harry/mipsel-linux-musl-cross/bin/../lib/gcc/mipsel-linux-musl/8.3.0/../../../../mipsel-linux-musl/lib/libc.a)getlogin_r.lo
(/home/harry/mipsel-linux-musl-cross/bin/../lib/gcc/mipsel-linux-musl/8.3.0/../../../../mipsel-linux-musl/lib/libc.a)getpgrp.lo
(/home/harry/mipsel-linux-musl-cross/bin/../lib/gcc/mipsel-linux-musl/8.3.0/../../../../mipsel-linux-musl/lib/libc.a)getpid.lo
(/home/harry/mipsel-linux-musl-cross/bin/../lib/gcc/mipsel-linux-musl/8.3.0/../../../../mipsel-linux-musl/lib/libc.a)getppid.lo
(/home/harry/mipsel-linux-musl-cross/bin/../lib/gcc/mipsel-linux-musl/8.3.0/../../../../mipsel-linux-musl/lib/libc.a)getsid.lo
(/home/harry/mipsel-linux-musl-cross/bin/../lib/gcc/mipsel-linux-musl/8.3.0/../../../../mipsel-linux-musl/lib/libc.a)getuid.lo
(/home/harry/mipsel-linux-musl-cross/bin/../lib/gcc/mipsel-linux-musl/8.3.0/../../../../mipsel-linux-musl/lib/libc.a)isatty.lo
(/home/harry/mipsel-linux-musl-cross/bin/../lib/gcc/mipsel-linux-musl/8.3.0/../../../../mipsel-linux-musl/lib/libc.a)lchown.lo
(/home/harry/mipsel-linux-musl-cross/bin/../lib/gcc/mipsel-linux-musl/8.3.0/../../../../mipsel-linux-musl/lib/libc.a)link.lo
(/home/harry/mipsel-linux-musl-cross/bin/../lib/gcc/mipsel-linux-musl/8.3.0/../../../../mipsel-linux-musl/lib/libc.a)lseek.lo
(/home/harry/mipsel-linux-musl-cross/bin/../lib/gcc/mipsel-linux-musl/8.3.0/../../../../mipsel-linux-musl/lib/libc.a)pipe.lo
(/home/harry/mipsel-linux-musl-cross/bin/../lib/gcc/mipsel-linux-musl/8.3.0/../../../../mipsel-linux-musl/lib/libc.a)pause.lo
(/home/harry/mipsel-linux-musl-cross/bin/../lib/gcc/mipsel-linux-musl/8.3.0/../../../../mipsel-linux-musl/lib/libc.a)pipe2.lo
(/home/harry/mipsel-linux-musl-cross/bin/../lib/gcc/mipsel-linux-musl/8.3.0/../../../../mipsel-linux-musl/lib/libc.a)read.lo
(/home/harry/mipsel-linux-musl-cross/bin/../lib/gcc/mipsel-linux-musl/8.3.0/../../../../mipsel-linux-musl/lib/libc.a)readlink.lo
(/home/harry/mipsel-linux-musl-cross/bin/../lib/gcc/mipsel-linux-musl/8.3.0/../../../../mipsel-linux-musl/lib/libc.a)rmdir.lo
(/home/harry/mipsel-linux-musl-cross/bin/../lib/gcc/mipsel-linux-musl/8.3.0/../../../../mipsel-linux-musl/lib/libc.a)setegid.lo
(/home/harry/mipsel-linux-musl-cross/bin/../lib/gcc/mipsel-linux-musl/8.3.0/../../../../mipsel-linux-musl/lib/libc.a)seteuid.lo
(/home/harry/mipsel-linux-musl-cross/bin/../lib/gcc/mipsel-linux-musl/8.3.0/../../../../mipsel-linux-musl/lib/libc.a)setgid.lo
(/home/harry/mipsel-linux-musl-cross/bin/../lib/gcc/mipsel-linux-musl/8.3.0/../../../../mipsel-linux-musl/lib/libc.a)setpgid.lo
(/home/harry/mipsel-linux-musl-cross/bin/../lib/gcc/mipsel-linux-musl/8.3.0/../../../../mipsel-linux-musl/lib/libc.a)setpgrp.lo
(/home/harry/mipsel-linux-musl-cross/bin/../lib/gcc/mipsel-linux-musl/8.3.0/../../../../mipsel-linux-musl/lib/libc.a)setresgid.lo
(/home/harry/mipsel-linux-musl-cross/bin/../lib/gcc/mipsel-linux-musl/8.3.0/../../../../mipsel-linux-musl/lib/libc.a)setresuid.lo
(/home/harry/mipsel-linux-musl-cross/bin/../lib/gcc/mipsel-linux-musl/8.3.0/../../../../mipsel-linux-musl/lib/libc.a)setsid.lo
(/home/harry/mipsel-linux-musl-cross/bin/../lib/gcc/mipsel-linux-musl/8.3.0/../../../../mipsel-linux-musl/lib/libc.a)setuid.lo
(/home/harry/mipsel-linux-musl-cross/bin/../lib/gcc/mipsel-linux-musl/8.3.0/../../../../mipsel-linux-musl/lib/libc.a)setxid.lo
(/home/harry/mipsel-linux-musl-cross/bin/../lib/gcc/mipsel-linux-musl/8.3.0/../../../../mipsel-linux-musl/lib/libc.a)sleep.lo
(/home/harry/mipsel-linux-musl-cross/bin/../lib/gcc/mipsel-linux-musl/8.3.0/../../../../mipsel-linux-musl/lib/libc.a)symlink.lo
(/home/harry/mipsel-linux-musl-cross/bin/../lib/gcc/mipsel-linux-musl/8.3.0/../../../../mipsel-linux-musl/lib/libc.a)sync.lo
(/home/harry/mipsel-linux-musl-cross/bin/../lib/gcc/mipsel-linux-musl/8.3.0/../../../../mipsel-linux-musl/lib/libc.a)tcgetpgrp.lo
(/home/harry/mipsel-linux-musl-cross/bin/../lib/gcc/mipsel-linux-musl/8.3.0/../../../../mipsel-linux-musl/lib/libc.a)tcsetpgrp.lo
(/home/harry/mipsel-linux-musl-cross/bin/../lib/gcc/mipsel-linux-musl/8.3.0/../../../../mipsel-linux-musl/lib/libc.a)ttyname_r.lo
(/home/harry/mipsel-linux-musl-cross/bin/../lib/gcc/mipsel-linux-musl/8.3.0/../../../../mipsel-linux-musl/lib/libc.a)unlink.lo
(/home/harry/mipsel-linux-musl-cross/bin/../lib/gcc/mipsel-linux-musl/8.3.0/../../../../mipsel-linux-musl/lib/libc.a)usleep.lo
(/home/harry/mipsel-linux-musl-cross/bin/../lib/gcc/mipsel-linux-musl/8.3.0/../../../../mipsel-linux-musl/lib/libc.a)write.lo
(/home/harry/mipsel-linux-musl-cross/bin/../lib/gcc/mipsel-linux-musl/8.3.0/../../../../mipsel-linux-musl/lib/libc.a)crypt_blowfish.lo
(/home/harry/mipsel-linux-musl-cross/bin/../lib/gcc/mipsel-linux-musl/8.3.0/../../../../mipsel-linux-musl/lib/libc.a)crypt_des.lo
(/home/harry/mipsel-linux-musl-cross/bin/../lib/gcc/mipsel-linux-musl/8.3.0/../../../../mipsel-linux-musl/lib/libc.a)crypt_md5.lo
(/home/harry/mipsel-linux-musl-cross/bin/../lib/gcc/mipsel-linux-musl/8.3.0/../../../../mipsel-linux-musl/lib/libc.a)isalnum.lo
(/home/harry/mipsel-linux-musl-cross/bin/../lib/gcc/mipsel-linux-musl/8.3.0/../../../../mipsel-linux-musl/lib/libc.a)iswalnum.lo
(/home/harry/mipsel-linux-musl-cross/bin/../lib/gcc/mipsel-linux-musl/8.3.0/../../../../mipsel-linux-musl/lib/libc.a)iswalpha.lo
(/home/harry/mipsel-linux-musl-cross/bin/../lib/gcc/mipsel-linux-musl/8.3.0/../../../../mipsel-linux-musl/lib/libc.a)iswctype.lo
(/home/harry/mipsel-linux-musl-cross/bin/../lib/gcc/mipsel-linux-musl/8.3.0/../../../../mipsel-linux-musl/lib/libc.a)iswgraph.lo
(/home/harry/mipsel-linux-musl-cross/bin/../lib/gcc/mipsel-linux-musl/8.3.0/../../../../mipsel-linux-musl/lib/libc.a)iswlower.lo
(/home/harry/mipsel-linux-musl-cross/bin/../lib/gcc/mipsel-linux-musl/8.3.0/../../../../mipsel-linux-musl/lib/libc.a)iswprint.lo
(/home/harry/mipsel-linux-musl-cross/bin/../lib/gcc/mipsel-linux-musl/8.3.0/../../../../mipsel-linux-musl/lib/libc.a)iswpunct.lo
(/home/harry/mipsel-linux-musl-cross/bin/../lib/gcc/mipsel-linux-musl/8.3.0/../../../../mipsel-linux-musl/lib/libc.a)iswspace.lo
(/home/harry/mipsel-linux-musl-cross/bin/../lib/gcc/mipsel-linux-musl/8.3.0/../../../../mipsel-linux-musl/lib/libc.a)iswupper.lo
(/home/harry/mipsel-linux-musl-cross/bin/../lib/gcc/mipsel-linux-musl/8.3.0/../../../../mipsel-linux-musl/lib/libc.a)iswxdigit.lo
(/home/harry/mipsel-linux-musl-cross/bin/../lib/gcc/mipsel-linux-musl/8.3.0/../../../../mipsel-linux-musl/lib/libc.a)tolower.lo
(/home/harry/mipsel-linux-musl-cross/bin/../lib/gcc/mipsel-linux-musl/8.3.0/../../../../mipsel-linux-musl/lib/libc.a)towctrans.lo
(/home/harry/mipsel-linux-musl-cross/bin/../lib/gcc/mipsel-linux-musl/8.3.0/../../../../mipsel-linux-musl/lib/libc.a)__init_tls.lo
(/home/harry/mipsel-linux-musl-cross/bin/../lib/gcc/mipsel-linux-musl/8.3.0/../../../../mipsel-linux-musl/lib/libc.a)_Exit.lo
(/home/harry/mipsel-linux-musl-cross/bin/../lib/gcc/mipsel-linux-musl/8.3.0/../../../../mipsel-linux-musl/lib/libc.a)floatscan.lo
(/home/harry/mipsel-linux-musl-cross/bin/../lib/gcc/mipsel-linux-musl/8.3.0/../../../../mipsel-linux-musl/lib/libc.a)intscan.lo
(/home/harry/mipsel-linux-musl-cross/bin/../lib/gcc/mipsel-linux-musl/8.3.0/../../../../mipsel-linux-musl/lib/libc.a)syscall.lo
(/home/harry/mipsel-linux-musl-cross/bin/../lib/gcc/mipsel-linux-musl/8.3.0/../../../../mipsel-linux-musl/lib/libc.a)procfdname.lo
(/home/harry/mipsel-linux-musl-cross/bin/../lib/gcc/mipsel-linux-musl/8.3.0/../../../../mipsel-linux-musl/lib/libc.a)shgetc.lo
(/home/harry/mipsel-linux-musl-cross/bin/../lib/gcc/mipsel-linux-musl/8.3.0/../../../../mipsel-linux-musl/lib/libc.a)vdso.lo
(/home/harry/mipsel-linux-musl-cross/bin/../lib/gcc/mipsel-linux-musl/8.3.0/../../../../mipsel-linux-musl/lib/libc.a)langinfo.lo
(/home/harry/mipsel-linux-musl-cross/bin/../lib/gcc/mipsel-linux-musl/8.3.0/../../../../mipsel-linux-musl/lib/libc.a)expand_heap.lo
(/home/harry/mipsel-linux-musl-cross/bin/../lib/gcc/mipsel-linux-musl/8.3.0/../../../../mipsel-linux-musl/lib/libc.a)__cos.lo
(/home/harry/mipsel-linux-musl-cross/bin/../lib/gcc/mipsel-linux-musl/8.3.0/../../../../mipsel-linux-musl/lib/libc.a)__rem_pio2.lo
(/home/harry/mipsel-linux-musl-cross/bin/../lib/gcc/mipsel-linux-musl/8.3.0/../../../../mipsel-linux-musl/lib/libc.a)__rem_pio2_large.lo
(/home/harry/mipsel-linux-musl-cross/bin/../lib/gcc/mipsel-linux-musl/8.3.0/../../../../mipsel-linux-musl/lib/libc.a)__sin.lo
(/home/harry/mipsel-linux-musl-cross/bin/../lib/gcc/mipsel-linux-musl/8.3.0/../../../../mipsel-linux-musl/lib/libc.a)atan.lo
(/home/harry/mipsel-linux-musl-cross/bin/../lib/gcc/mipsel-linux-musl/8.3.0/../../../../mipsel-linux-musl/lib/libc.a)copysignl.lo
(/home/harry/mipsel-linux-musl-cross/bin/../lib/gcc/mipsel-linux-musl/8.3.0/../../../../mipsel-linux-musl/lib/libc.a)floor.lo
(/home/harry/mipsel-linux-musl-cross/bin/../lib/gcc/mipsel-linux-musl/8.3.0/../../../../mipsel-linux-musl/lib/libc.a)fmodl.lo
(/home/harry/mipsel-linux-musl-cross/bin/../lib/gcc/mipsel-linux-musl/8.3.0/../../../../mipsel-linux-musl/lib/libc.a)frexpl.lo
(/home/harry/mipsel-linux-musl-cross/bin/../lib/gcc/mipsel-linux-musl/8.3.0/../../../../mipsel-linux-musl/lib/libc.a)scalbnl.lo
(/home/harry/mipsel-linux-musl-cross/bin/../lib/gcc/mipsel-linux-musl/8.3.0/../../../../mipsel-linux-musl/lib/libc.a)internal.lo
(/home/harry/mipsel-linux-musl-cross/bin/../lib/gcc/mipsel-linux-musl/8.3.0/../../../../mipsel-linux-musl/lib/libc.a)mbrtowc.lo
(/home/harry/mipsel-linux-musl-cross/bin/../lib/gcc/mipsel-linux-musl/8.3.0/../../../../mipsel-linux-musl/lib/libc.a)mbsinit.lo
(/home/harry/mipsel-linux-musl-cross/bin/../lib/gcc/mipsel-linux-musl/8.3.0/../../../../mipsel-linux-musl/lib/libc.a)mbstowcs.lo
(/home/harry/mipsel-linux-musl-cross/bin/../lib/gcc/mipsel-linux-musl/8.3.0/../../../../mipsel-linux-musl/lib/libc.a)wctomb.lo
(/home/harry/mipsel-linux-musl-cross/bin/../lib/gcc/mipsel-linux-musl/8.3.0/../../../../mipsel-linux-musl/lib/libc.a)dn_expand.lo
(/home/harry/mipsel-linux-musl-cross/bin/../lib/gcc/mipsel-linux-musl/8.3.0/../../../../mipsel-linux-musl/lib/libc.a)dn_skipname.lo
(/home/harry/mipsel-linux-musl-cross/bin/../lib/gcc/mipsel-linux-musl/8.3.0/../../../../mipsel-linux-musl/lib/libc.a)dns_parse.lo
(/home/harry/mipsel-linux-musl-cross/bin/../lib/gcc/mipsel-linux-musl/8.3.0/../../../../mipsel-linux-musl/lib/libc.a)getgr_a.lo
(/home/harry/mipsel-linux-musl-cross/bin/../lib/gcc/mipsel-linux-musl/8.3.0/../../../../mipsel-linux-musl/lib/libc.a)getpw_a.lo
(/home/harry/mipsel-linux-musl-cross/bin/../lib/gcc/mipsel-linux-musl/8.3.0/../../../../mipsel-linux-musl/lib/libc.a)posix_spawn.lo
(/home/harry/mipsel-linux-musl-cross/bin/../lib/gcc/mipsel-linux-musl/8.3.0/../../../../mipsel-linux-musl/lib/libc.a)posix_spawn_file_actions_adddup2.lo
(/home/harry/mipsel-linux-musl-cross/bin/../lib/gcc/mipsel-linux-musl/8.3.0/../../../../mipsel-linux-musl/lib/libc.a)posix_spawn_file_actions_destroy.lo
(/home/harry/mipsel-linux-musl-cross/bin/../lib/gcc/mipsel-linux-musl/8.3.0/../../../../mipsel-linux-musl/lib/libc.a)posix_spawn_file_actions_init.lo
(/home/harry/mipsel-linux-musl-cross/bin/../lib/gcc/mipsel-linux-musl/8.3.0/../../../../mipsel-linux-musl/lib/libc.a)posix_spawnattr_destroy.lo
(/home/harry/mipsel-linux-musl-cross/bin/../lib/gcc/mipsel-linux-musl/8.3.0/../../../../mipsel-linux-musl/lib/libc.a)posix_spawnattr_init.lo
(/home/harry/mipsel-linux-musl-cross/bin/../lib/gcc/mipsel-linux-musl/8.3.0/../../../../mipsel-linux-musl/lib/libc.a)posix_spawnattr_setflags.lo
(/home/harry/mipsel-linux-musl-cross/bin/../lib/gcc/mipsel-linux-musl/8.3.0/../../../../mipsel-linux-musl/lib/libc.a)posix_spawnattr_setsigdefault.lo
(/home/harry/mipsel-linux-musl-cross/bin/../lib/gcc/mipsel-linux-musl/8.3.0/../../../../mipsel-linux-musl/lib/libc.a)posix_spawnattr_setsigmask.lo
(/home/harry/mipsel-linux-musl-cross/bin/../lib/gcc/mipsel-linux-musl/8.3.0/../../../../mipsel-linux-musl/lib/libc.a)restore.lo
(/home/harry/mipsel-linux-musl-cross/bin/../lib/gcc/mipsel-linux-musl/8.3.0/../../../../mipsel-linux-musl/lib/libc.a)__fmodeflags.lo
(/home/harry/mipsel-linux-musl-cross/bin/../lib/gcc/mipsel-linux-musl/8.3.0/../../../../mipsel-linux-musl/lib/libc.a)__overflow.lo
(/home/harry/mipsel-linux-musl-cross/bin/../lib/gcc/mipsel-linux-musl/8.3.0/../../../../mipsel-linux-musl/lib/libc.a)__stdout_write.lo
(/home/harry/mipsel-linux-musl-cross/bin/../lib/gcc/mipsel-linux-musl/8.3.0/../../../../mipsel-linux-musl/lib/libc.a)__string_read.lo
(/home/harry/mipsel-linux-musl-cross/bin/../lib/gcc/mipsel-linux-musl/8.3.0/../../../../mipsel-linux-musl/lib/libc.a)__toread.lo
(/home/harry/mipsel-linux-musl-cross/bin/../lib/gcc/mipsel-linux-musl/8.3.0/../../../../mipsel-linux-musl/lib/libc.a)__towrite.lo
(/home/harry/mipsel-linux-musl-cross/bin/../lib/gcc/mipsel-linux-musl/8.3.0/../../../../mipsel-linux-musl/lib/libc.a)__uflow.lo
(/home/harry/mipsel-linux-musl-cross/bin/../lib/gcc/mipsel-linux-musl/8.3.0/../../../../mipsel-linux-musl/lib/libc.a)getdelim.lo
(/home/harry/mipsel-linux-musl-cross/bin/../lib/gcc/mipsel-linux-musl/8.3.0/../../../../mipsel-linux-musl/lib/libc.a)stpncpy.lo
(/home/harry/mipsel-linux-musl-cross/bin/../lib/gcc/mipsel-linux-musl/8.3.0/../../../../mipsel-linux-musl/lib/libc.a)wcschr.lo
(/home/harry/mipsel-linux-musl-cross/bin/../lib/gcc/mipsel-linux-musl/8.3.0/../../../../mipsel-linux-musl/lib/libc.a)wcslen.lo
(/home/harry/mipsel-linux-musl-cross/bin/../lib/gcc/mipsel-linux-musl/8.3.0/../../../../mipsel-linux-musl/lib/libc.a)__randname.lo
(/home/harry/mipsel-linux-musl-cross/bin/../lib/gcc/mipsel-linux-musl/8.3.0/../../../../mipsel-linux-musl/lib/libc.a)mkostemps.lo
(/home/harry/mipsel-linux-musl-cross/bin/../lib/gcc/mipsel-linux-musl/8.3.0/../../../../mipsel-linux-musl/lib/libc.a)__set_thread_area.lo
(/home/harry/mipsel-linux-musl-cross/bin/../lib/gcc/mipsel-linux-musl/8.3.0/../../../../mipsel-linux-musl/lib/libc.a)default_attr.lo
(/home/harry/mipsel-linux-musl-cross/bin/../lib/gcc/mipsel-linux-musl/8.3.0/../../../../mipsel-linux-musl/lib/libc.a)clone.lo
(/home/harry/mipsel-linux-musl-cross/bin/../lib/gcc/mipsel-linux-musl/8.3.0/../../../../mipsel-linux-musl/lib/libc.a)sem_destroy.lo
(/home/harry/mipsel-linux-musl-cross/bin/../lib/gcc/mipsel-linux-musl/8.3.0/../../../../mipsel-linux-musl/lib/libc.a)sem_init.lo
(/home/harry/mipsel-linux-musl-cross/bin/../lib/gcc/mipsel-linux-musl/8.3.0/../../../../mipsel-linux-musl/lib/libc.a)sem_post.lo
(/home/harry/mipsel-linux-musl-cross/bin/../lib/gcc/mipsel-linux-musl/8.3.0/../../../../mipsel-linux-musl/lib/libc.a)sem_wait.lo
(/home/harry/mipsel-linux-musl-cross/bin/../lib/gcc/mipsel-linux-musl/8.3.0/../../../../mipsel-linux-musl/lib/libc.a)__secs_to_tm.lo
(/home/harry/mipsel-linux-musl-cross/bin/../lib/gcc/mipsel-linux-musl/8.3.0/../../../../mipsel-linux-musl/lib/libc.a)__tm_to_secs.lo
(/home/harry/mipsel-linux-musl-cross/bin/../lib/gcc/mipsel-linux-musl/8.3.0/../../../../mipsel-linux-musl/lib/libc.a)__tz.lo
(/home/harry/mipsel-linux-musl-cross/bin/../lib/gcc/mipsel-linux-musl/8.3.0/../../../../mipsel-linux-musl/lib/libc.a)__year_to_secs.lo
(/home/harry/mipsel-linux-musl-cross/bin/../lib/gcc/mipsel-linux-musl/8.3.0/../../../../mipsel-linux-musl/lib/libc.a)asctime.lo
(/home/harry/mipsel-linux-musl-cross/bin/../lib/gcc/mipsel-linux-musl/8.3.0/../../../../mipsel-linux-musl/lib/libc.a)asctime_r.lo
(/home/harry/mipsel-linux-musl-cross/bin/../lib/gcc/mipsel-linux-musl/8.3.0/../../../../mipsel-linux-musl/lib/libc.a)getlogin.lo
(/home/harry/mipsel-linux-musl-cross/bin/../lib/gcc/mipsel-linux-musl/8.3.0/../../../../mipsel-linux-musl/lib/libc.a)iswblank.lo
(/home/harry/mipsel-linux-musl-cross/bin/../lib/gcc/mipsel-linux-musl/8.3.0/../../../../mipsel-linux-musl/lib/libc.a)iswcntrl.lo
(/home/harry/mipsel-linux-musl-cross/bin/../lib/gcc/mipsel-linux-musl/8.3.0/../../../../mipsel-linux-musl/lib/libc.a)toupper.lo
(/home/harry/mipsel-linux-musl-cross/bin/../lib/gcc/mipsel-linux-musl/8.3.0/../../../../mipsel-linux-musl/lib/libc.a)c_locale.lo
(/home/harry/mipsel-linux-musl-cross/bin/../lib/gcc/mipsel-linux-musl/8.3.0/../../../../mipsel-linux-musl/lib/libc.a)copysign.lo
(/home/harry/mipsel-linux-musl-cross/bin/../lib/gcc/mipsel-linux-musl/8.3.0/../../../../mipsel-linux-musl/lib/libc.a)fmod.lo
(/home/harry/mipsel-linux-musl-cross/bin/../lib/gcc/mipsel-linux-musl/8.3.0/../../../../mipsel-linux-musl/lib/libc.a)frexp.lo
(/home/harry/mipsel-linux-musl-cross/bin/../lib/gcc/mipsel-linux-musl/8.3.0/../../../../mipsel-linux-musl/lib/libc.a)mbsrtowcs.lo
(/home/harry/mipsel-linux-musl-cross/bin/../lib/gcc/mipsel-linux-musl/8.3.0/../../../../mipsel-linux-musl/lib/libc.a)wcrtomb.lo
(/home/harry/mipsel-linux-musl-cross/bin/../lib/gcc/mipsel-linux-musl/8.3.0/../../../../mipsel-linux-musl/lib/libc.a)__stdio_exit.lo
(/home/harry/mipsel-linux-musl-cross/bin/../lib/gcc/mipsel-linux-musl/8.3.0/../../../../mipsel-linux-musl/lib/libc.a)sem_timedwait.lo
(/home/harry/mipsel-linux-musl-cross/bin/../lib/gcc/mipsel-linux-musl/8.3.0/../../../../mipsel-linux-musl/lib/libc.a)sem_trywait.lo
(/home/harry/mipsel-linux-musl-cross/bin/../lib/gcc/mipsel-linux-musl/8.3.0/../../../../mipsel-linux-musl/lib/libc.a)__map_file.lo
(/home/harry/mipsel-linux-musl-cross/bin/../lib/gcc/mipsel-linux-musl/8.3.0/../../../../mipsel-linux-musl/lib/libc.a)__month_to_secs.lo
(/home/harry/mipsel-linux-musl-cross/bin/../lib/gcc/mipsel-linux-musl/8.3.0/../../../../mipsel-linux-musl/lib/libc.a)isblank.lo
(/home/harry/mipsel-linux-musl-cross/bin/../lib/gcc/mipsel-linux-musl/8.3.0/../../../../mipsel-linux-musl/lib/libc.a)__timedwait.lo
/home/harry/mipsel-linux-musl-cross/bin/../lib/gcc/mipsel-linux-musl/8.3.0/libgcc.a
/home/harry/mipsel-linux-musl-cross/bin/../lib/gcc/mipsel-linux-musl/8.3.0/libgcc_eh.a
/home/harry/mipsel-linux-musl-cross/bin/../lib/gcc/mipsel-linux-musl/8.3.0/../../../../mipsel-linux-musl/lib/libc.a
attempt to open /home/harry/mipsel-linux-musl-cross/bin/../lib/gcc/mipsel-linux-musl/8.3.0/crtend.o succeeded
/home/harry/mipsel-linux-musl-cross/bin/../lib/gcc/mipsel-linux-musl/8.3.0/crtend.o
attempt to open /home/harry/mipsel-linux-musl-cross/bin/../lib/gcc/mipsel-linux-musl/8.3.0/../../../../mipsel-linux-musl/lib/crtn.o succeeded
/home/harry/mipsel-linux-musl-cross/bin/../lib/gcc/mipsel-linux-musl/8.3.0/../../../../mipsel-linux-musl/lib/crtn.o
